{"/Users/helmanso/Desktop/New folder/client/src/App.js": {"path":"/Users/helmanso/Desktop/New folder/client/src/App.js","statementMap":{"0":{"start":{"line":9,"column":12},"end":{"line":19,"column":1}},"1":{"start":{"line":11,"column":2},"end":{"line":18,"column":3}}},"fnMap":{"0":{"name":"(anonymous_0)","decl":{"start":{"line":9,"column":12},"end":{"line":9,"column":13}},"loc":{"start":{"line":9,"column":18},"end":{"line":19,"column":1}},"line":9}},"branchMap":{},"s":{"0":1,"1":0},"f":{"0":0},"b":{},"_coverageSchema":"1a1c01bbd47fc00a2c39e90264f33305004495a9","hash":"e5d1e445e48156586577e67f9459d3eca3d130de"}
,"/Users/helmanso/Desktop/New folder/client/src/index.js": {"path":"/Users/helmanso/Desktop/New folder/client/src/index.js","statementMap":{"0":{"start":{"line":6,"column":0},"end":{"line":11,"column":2}}},"fnMap":{},"branchMap":{},"s":{"0":1},"f":{},"b":{},"_coverageSchema":"1a1c01bbd47fc00a2c39e90264f33305004495a9","hash":"fcfc6ca4c0e19b2755608014a9067c48900c5aeb"}
,"/Users/helmanso/Desktop/New folder/client/src/Components/Cell.js": {"path":"/Users/helmanso/Desktop/New folder/client/src/Components/Cell.js","statementMap":{"0":{"start":{"line":4,"column":14},"end":{"line":61,"column":1}},"1":{"start":{"line":62,"column":13},"end":{"line":66,"column":1}},"2":{"start":{"line":63,"column":4},"end":{"line":65,"column":5}}},"fnMap":{"0":{"name":"(anonymous_0)","decl":{"start":{"line":62,"column":13},"end":{"line":62,"column":14}},"loc":{"start":{"line":62,"column":28},"end":{"line":66,"column":1}},"line":62}},"branchMap":{"0":{"loc":{"start":{"line":64,"column":41},"end":{"line":64,"column":81}},"type":"cond-expr","locations":[{"start":{"line":64,"column":55},"end":{"line":64,"column":73}},{"start":{"line":64,"column":76},"end":{"line":64,"column":81}}],"line":64}},"s":{"0":4,"1":4,"2":480},"f":{"0":480},"b":{"0":[240,240]},"_coverageSchema":"1a1c01bbd47fc00a2c39e90264f33305004495a9","hash":"61b17b316f56c37c7c6334cb9dce5eabc8635055"}
,"/Users/helmanso/Desktop/New folder/client/src/Components/GameOver.js": {"path":"/Users/helmanso/Desktop/New folder/client/src/Components/GameOver.js","statementMap":{"0":{"start":{"line":5,"column":17},"end":{"line":12,"column":1}},"1":{"start":{"line":6,"column":4},"end":{"line":11,"column":5}},"2":{"start":{"line":9,"column":89},"end":{"line":9,"column":149}}},"fnMap":{"0":{"name":"(anonymous_0)","decl":{"start":{"line":5,"column":17},"end":{"line":5,"column":18}},"loc":{"start":{"line":5,"column":32},"end":{"line":12,"column":1}},"line":5},"1":{"name":"(anonymous_1)","decl":{"start":{"line":9,"column":83},"end":{"line":9,"column":84}},"loc":{"start":{"line":9,"column":89},"end":{"line":9,"column":149}},"line":9}},"branchMap":{"0":{"loc":{"start":{"line":8,"column":13},"end":{"line":8,"column":160}},"type":"cond-expr","locations":[{"start":{"line":8,"column":41},"end":{"line":8,"column":100}},{"start":{"line":8,"column":103},"end":{"line":8,"column":160}}],"line":8},"1":{"loc":{"start":{"line":9,"column":13},"end":{"line":9,"column":178}},"type":"cond-expr","locations":[{"start":{"line":9,"column":35},"end":{"line":9,"column":170}},{"start":{"line":9,"column":173},"end":{"line":9,"column":178}}],"line":9}},"s":{"0":4,"1":2,"2":1},"f":{"0":2,"1":1},"b":{"0":[1,1],"1":[1,1]},"_coverageSchema":"1a1c01bbd47fc00a2c39e90264f33305004495a9","hash":"99b835bef2b0d800abfcdf45e56821f4e64adf9e"}
,"/Users/helmanso/Desktop/New folder/client/src/Components/Home.js": {"path":"/Users/helmanso/Desktop/New folder/client/src/Components/Home.js","statementMap":{"0":{"start":{"line":17,"column":13},"end":{"line":43,"column":1}},"1":{"start":{"line":18,"column":19},"end":{"line":18,"column":37}},"2":{"start":{"line":19,"column":4},"end":{"line":36,"column":6}},"3":{"start":{"line":21,"column":8},"end":{"line":35,"column":9}},"4":{"start":{"line":23,"column":30},"end":{"line":23,"column":55}},"5":{"start":{"line":24,"column":28},"end":{"line":24,"column":65}},"6":{"start":{"line":25,"column":12},"end":{"line":34,"column":13}},"7":{"start":{"line":27,"column":16},"end":{"line":27,"column":51}},"8":{"start":{"line":28,"column":16},"end":{"line":28,"column":46}},"9":{"start":{"line":29,"column":16},"end":{"line":29,"column":45}},"10":{"start":{"line":30,"column":16},"end":{"line":33,"column":22}},"11":{"start":{"line":31,"column":20},"end":{"line":32,"column":51}},"12":{"start":{"line":32,"column":24},"end":{"line":32,"column":51}},"13":{"start":{"line":38,"column":4},"end":{"line":42,"column":5}},"14":{"start":{"line":45,"column":17},"end":{"line":52,"column":1}},"15":{"start":{"line":46,"column":4},"end":{"line":51,"column":5}},"16":{"start":{"line":54,"column":25},"end":{"line":70,"column":1}},"17":{"start":{"line":55,"column":4},"end":{"line":69,"column":5}},"18":{"start":{"line":56,"column":32},"end":{"line":56,"column":59}},"19":{"start":{"line":57,"column":30},"end":{"line":57,"column":55}},"20":{"start":{"line":58,"column":30},"end":{"line":58,"column":55}},"21":{"start":{"line":59,"column":32},"end":{"line":59,"column":59}},"22":{"start":{"line":60,"column":30},"end":{"line":60,"column":55}},"23":{"start":{"line":61,"column":30},"end":{"line":61,"column":55}},"24":{"start":{"line":62,"column":26},"end":{"line":62,"column":47}},"25":{"start":{"line":63,"column":26},"end":{"line":63,"column":47}},"26":{"start":{"line":64,"column":33},"end":{"line":64,"column":61}},"27":{"start":{"line":65,"column":34},"end":{"line":65,"column":63}},"28":{"start":{"line":66,"column":29},"end":{"line":66,"column":53}},"29":{"start":{"line":67,"column":26},"end":{"line":67,"column":47}}},"fnMap":{"0":{"name":"(anonymous_0)","decl":{"start":{"line":17,"column":13},"end":{"line":17,"column":14}},"loc":{"start":{"line":17,"column":24},"end":{"line":43,"column":1}},"line":17},"1":{"name":"(anonymous_1)","decl":{"start":{"line":19,"column":14},"end":{"line":19,"column":15}},"loc":{"start":{"line":19,"column":20},"end":{"line":36,"column":5}},"line":19},"2":{"name":"(anonymous_2)","decl":{"start":{"line":30,"column":27},"end":{"line":30,"column":28}},"loc":{"start":{"line":30,"column":33},"end":{"line":33,"column":17}},"line":30},"3":{"name":"(anonymous_3)","decl":{"start":{"line":45,"column":17},"end":{"line":45,"column":18}},"loc":{"start":{"line":45,"column":26},"end":{"line":52,"column":1}},"line":45},"4":{"name":"(anonymous_4)","decl":{"start":{"line":54,"column":25},"end":{"line":54,"column":26}},"loc":{"start":{"line":54,"column":37},"end":{"line":70,"column":1}},"line":54},"5":{"name":"(anonymous_5)","decl":{"start":{"line":56,"column":20},"end":{"line":56,"column":21}},"loc":{"start":{"line":56,"column":32},"end":{"line":56,"column":59}},"line":56},"6":{"name":"(anonymous_6)","decl":{"start":{"line":57,"column":18},"end":{"line":57,"column":19}},"loc":{"start":{"line":57,"column":30},"end":{"line":57,"column":55}},"line":57},"7":{"name":"(anonymous_7)","decl":{"start":{"line":58,"column":20},"end":{"line":58,"column":21}},"loc":{"start":{"line":58,"column":30},"end":{"line":58,"column":55}},"line":58},"8":{"name":"(anonymous_8)","decl":{"start":{"line":59,"column":19},"end":{"line":59,"column":20}},"loc":{"start":{"line":59,"column":32},"end":{"line":59,"column":59}},"line":59},"9":{"name":"(anonymous_9)","decl":{"start":{"line":60,"column":19},"end":{"line":60,"column":20}},"loc":{"start":{"line":60,"column":30},"end":{"line":60,"column":55}},"line":60},"10":{"name":"(anonymous_10)","decl":{"start":{"line":61,"column":19},"end":{"line":61,"column":20}},"loc":{"start":{"line":61,"column":30},"end":{"line":61,"column":55}},"line":61},"11":{"name":"(anonymous_11)","decl":{"start":{"line":62,"column":20},"end":{"line":62,"column":21}},"loc":{"start":{"line":62,"column":26},"end":{"line":62,"column":47}},"line":62},"12":{"name":"(anonymous_12)","decl":{"start":{"line":63,"column":17},"end":{"line":63,"column":18}},"loc":{"start":{"line":63,"column":26},"end":{"line":63,"column":47}},"line":63},"13":{"name":"(anonymous_13)","decl":{"start":{"line":64,"column":22},"end":{"line":64,"column":23}},"loc":{"start":{"line":64,"column":33},"end":{"line":64,"column":61}},"line":64},"14":{"name":"(anonymous_14)","decl":{"start":{"line":65,"column":21},"end":{"line":65,"column":22}},"loc":{"start":{"line":65,"column":34},"end":{"line":65,"column":63}},"line":65},"15":{"name":"(anonymous_15)","decl":{"start":{"line":66,"column":19},"end":{"line":66,"column":20}},"loc":{"start":{"line":66,"column":29},"end":{"line":66,"column":53}},"line":66},"16":{"name":"(anonymous_16)","decl":{"start":{"line":67,"column":20},"end":{"line":67,"column":21}},"loc":{"start":{"line":67,"column":26},"end":{"line":67,"column":47}},"line":67}},"branchMap":{"0":{"loc":{"start":{"line":21,"column":8},"end":{"line":35,"column":9}},"type":"if","locations":[{"start":{"line":21,"column":8},"end":{"line":35,"column":9}},{"start":{"line":21,"column":8},"end":{"line":35,"column":9}}],"line":21},"1":{"loc":{"start":{"line":21,"column":12},"end":{"line":21,"column":41}},"type":"binary-expr","locations":[{"start":{"line":21,"column":12},"end":{"line":21,"column":18}},{"start":{"line":21,"column":22},"end":{"line":21,"column":41}}],"line":21},"2":{"loc":{"start":{"line":25,"column":12},"end":{"line":34,"column":13}},"type":"if","locations":[{"start":{"line":25,"column":12},"end":{"line":34,"column":13}},{"start":{"line":25,"column":12},"end":{"line":34,"column":13}}],"line":25},"3":{"loc":{"start":{"line":25,"column":16},"end":{"line":25,"column":35}},"type":"binary-expr","locations":[{"start":{"line":25,"column":16},"end":{"line":25,"column":24}},{"start":{"line":25,"column":28},"end":{"line":25,"column":35}}],"line":25},"4":{"loc":{"start":{"line":31,"column":20},"end":{"line":32,"column":51}},"type":"if","locations":[{"start":{"line":31,"column":20},"end":{"line":32,"column":51}},{"start":{"line":31,"column":20},"end":{"line":32,"column":51}}],"line":31},"5":{"loc":{"start":{"line":40,"column":12},"end":{"line":40,"column":191}},"type":"cond-expr","locations":[{"start":{"line":40,"column":40},"end":{"line":40,"column":63}},{"start":{"line":40,"column":66},"end":{"line":40,"column":191}}],"line":40},"6":{"loc":{"start":{"line":40,"column":66},"end":{"line":40,"column":191}},"type":"cond-expr","locations":[{"start":{"line":40,"column":90},"end":{"line":40,"column":112}},{"start":{"line":40,"column":115},"end":{"line":40,"column":191}}],"line":40},"7":{"loc":{"start":{"line":40,"column":115},"end":{"line":40,"column":191}},"type":"cond-expr","locations":[{"start":{"line":40,"column":143},"end":{"line":40,"column":165}},{"start":{"line":40,"column":168},"end":{"line":40,"column":191}}],"line":40}},"s":{"0":2,"1":1,"2":1,"3":1,"4":1,"5":1,"6":1,"7":1,"8":1,"9":1,"10":1,"11":0,"12":0,"13":1,"14":2,"15":1,"16":2,"17":2,"18":2,"19":0,"20":1,"21":1,"22":1,"23":1,"24":1,"25":1,"26":1,"27":1,"28":1,"29":1},"f":{"0":1,"1":1,"2":0,"3":1,"4":2,"5":2,"6":0,"7":1,"8":1,"9":1,"10":1,"11":1,"12":1,"13":1,"14":1,"15":1,"16":1},"b":{"0":[1,0],"1":[1,1],"2":[1,0],"3":[1,1],"4":[0,0],"5":[1,0],"6":[0,0],"7":[0,0]},"_coverageSchema":"1a1c01bbd47fc00a2c39e90264f33305004495a9","hash":"543150d6d0ec61b509bdc159b7d581f6699edc08"}
,"/Users/helmanso/Desktop/New folder/client/src/Components/Login.js": {"path":"/Users/helmanso/Desktop/New folder/client/src/Components/Login.js","statementMap":{"0":{"start":{"line":6,"column":14},"end":{"line":20,"column":1}},"1":{"start":{"line":8,"column":32},"end":{"line":8,"column":54}},"2":{"start":{"line":9,"column":4},"end":{"line":19,"column":5}},"3":{"start":{"line":14,"column":42},"end":{"line":14,"column":74}},"4":{"start":{"line":15,"column":45},"end":{"line":15,"column":68}}},"fnMap":{"0":{"name":"(anonymous_0)","decl":{"start":{"line":6,"column":14},"end":{"line":6,"column":15}},"loc":{"start":{"line":6,"column":29},"end":{"line":20,"column":1}},"line":6},"1":{"name":"(anonymous_1)","decl":{"start":{"line":14,"column":35},"end":{"line":14,"column":36}},"loc":{"start":{"line":14,"column":42},"end":{"line":14,"column":74}},"line":14},"2":{"name":"(anonymous_2)","decl":{"start":{"line":15,"column":39},"end":{"line":15,"column":40}},"loc":{"start":{"line":15,"column":45},"end":{"line":15,"column":68}},"line":15}},"branchMap":{"0":{"loc":{"start":{"line":16,"column":13},"end":{"line":17,"column":73}},"type":"cond-expr","locations":[{"start":{"line":17,"column":16},"end":{"line":17,"column":66}},{"start":{"line":17,"column":68},"end":{"line":17,"column":73}}],"line":16}},"s":{"0":3,"1":4,"2":4,"3":1,"4":1},"f":{"0":4,"1":1,"2":1},"b":{"0":[0,4]},"_coverageSchema":"1a1c01bbd47fc00a2c39e90264f33305004495a9","hash":"9e792e7b86a432cd7cd2cabe270201136e135c04"}
,"/Users/helmanso/Desktop/New folder/client/src/Components/Looby.js": {"path":"/Users/helmanso/Desktop/New folder/client/src/Components/Looby.js","statementMap":{"0":{"start":{"line":9,"column":14},"end":{"line":51,"column":1}},"1":{"start":{"line":11,"column":4},"end":{"line":31,"column":6}},"2":{"start":{"line":13,"column":8},"end":{"line":15,"column":11}},"3":{"start":{"line":14,"column":12},"end":{"line":14,"column":33}},"4":{"start":{"line":17,"column":8},"end":{"line":19,"column":11}},"5":{"start":{"line":18,"column":12},"end":{"line":18,"column":33}},"6":{"start":{"line":21,"column":8},"end":{"line":23,"column":10}},"7":{"start":{"line":22,"column":12},"end":{"line":22,"column":33}},"8":{"start":{"line":24,"column":8},"end":{"line":26,"column":10}},"9":{"start":{"line":25,"column":12},"end":{"line":25,"column":35}},"10":{"start":{"line":28,"column":8},"end":{"line":30,"column":10}},"11":{"start":{"line":29,"column":12},"end":{"line":29,"column":29}},"12":{"start":{"line":33,"column":4},"end":{"line":50,"column":5}},"13":{"start":{"line":38,"column":20},"end":{"line":38,"column":111}},"14":{"start":{"line":41,"column":51},"end":{"line":43,"column":32}},"15":{"start":{"line":47,"column":76},"end":{"line":47,"column":141}}},"fnMap":{"0":{"name":"(anonymous_0)","decl":{"start":{"line":9,"column":14},"end":{"line":9,"column":15}},"loc":{"start":{"line":9,"column":29},"end":{"line":51,"column":1}},"line":9},"1":{"name":"(anonymous_1)","decl":{"start":{"line":11,"column":14},"end":{"line":11,"column":15}},"loc":{"start":{"line":11,"column":20},"end":{"line":31,"column":5}},"line":11},"2":{"name":"(anonymous_2)","decl":{"start":{"line":13,"column":65},"end":{"line":13,"column":66}},"loc":{"start":{"line":13,"column":76},"end":{"line":15,"column":9}},"line":13},"3":{"name":"(anonymous_3)","decl":{"start":{"line":17,"column":65},"end":{"line":17,"column":66}},"loc":{"start":{"line":17,"column":76},"end":{"line":19,"column":9}},"line":17},"4":{"name":"(anonymous_4)","decl":{"start":{"line":21,"column":77},"end":{"line":21,"column":78}},"loc":{"start":{"line":21,"column":83},"end":{"line":23,"column":9}},"line":21},"5":{"name":"(anonymous_5)","decl":{"start":{"line":24,"column":63},"end":{"line":24,"column":64}},"loc":{"start":{"line":24,"column":76},"end":{"line":26,"column":9}},"line":24},"6":{"name":"(anonymous_6)","decl":{"start":{"line":28,"column":61},"end":{"line":28,"column":62}},"loc":{"start":{"line":28,"column":67},"end":{"line":30,"column":9}},"line":28},"7":{"name":"(anonymous_7)","decl":{"start":{"line":37,"column":41},"end":{"line":37,"column":42}},"loc":{"start":{"line":38,"column":20},"end":{"line":38,"column":111}},"line":38},"8":{"name":"(anonymous_8)","decl":{"start":{"line":41,"column":41},"end":{"line":41,"column":42}},"loc":{"start":{"line":41,"column":51},"end":{"line":43,"column":32}},"line":41},"9":{"name":"(anonymous_9)","decl":{"start":{"line":47,"column":70},"end":{"line":47,"column":71}},"loc":{"start":{"line":47,"column":76},"end":{"line":47,"column":141}},"line":47}},"branchMap":{"0":{"loc":{"start":{"line":41,"column":51},"end":{"line":43,"column":32}},"type":"cond-expr","locations":[{"start":{"line":42,"column":20},"end":{"line":43,"column":26}},{"start":{"line":43,"column":27},"end":{"line":43,"column":32}}],"line":41},"1":{"loc":{"start":{"line":42,"column":20},"end":{"line":43,"column":26}},"type":"cond-expr","locations":[{"start":{"line":42,"column":36},"end":{"line":42,"column":62}},{"start":{"line":43,"column":21},"end":{"line":43,"column":26}}],"line":42},"2":{"loc":{"start":{"line":46,"column":17},"end":{"line":48,"column":23}},"type":"cond-expr","locations":[{"start":{"line":47,"column":20},"end":{"line":47,"column":163}},{"start":{"line":48,"column":18},"end":{"line":48,"column":23}}],"line":46}},"s":{"0":3,"1":3,"2":3,"3":1,"4":3,"5":1,"6":3,"7":1,"8":3,"9":1,"10":3,"11":1,"12":3,"13":7,"14":7,"15":1},"f":{"0":3,"1":3,"2":1,"3":1,"4":1,"5":1,"6":1,"7":7,"8":7,"9":1},"b":{"0":[2,5],"1":[1,1],"2":[3,0]},"_coverageSchema":"1a1c01bbd47fc00a2c39e90264f33305004495a9","hash":"49a6b24b2c9565e3c124eda4705b03ae628b4f64"}
,"/Users/helmanso/Desktop/New folder/client/src/Components/Room.js": {"path":"/Users/helmanso/Desktop/New folder/client/src/Components/Room.js","statementMap":{"0":{"start":{"line":5,"column":13},"end":{"line":24,"column":1}},"1":{"start":{"line":7,"column":4},"end":{"line":12,"column":6}},"2":{"start":{"line":8,"column":8},"end":{"line":11,"column":10}},"3":{"start":{"line":9,"column":12},"end":{"line":9,"column":35}},"4":{"start":{"line":14,"column":30},"end":{"line":14,"column":52}},"5":{"start":{"line":15,"column":4},"end":{"line":23,"column":5}},"6":{"start":{"line":18,"column":46},"end":{"line":18,"column":77}},"7":{"start":{"line":19,"column":45},"end":{"line":19,"column":66}}},"fnMap":{"0":{"name":"(anonymous_0)","decl":{"start":{"line":5,"column":13},"end":{"line":5,"column":14}},"loc":{"start":{"line":5,"column":28},"end":{"line":24,"column":1}},"line":5},"1":{"name":"(anonymous_1)","decl":{"start":{"line":7,"column":14},"end":{"line":7,"column":15}},"loc":{"start":{"line":7,"column":20},"end":{"line":12,"column":5}},"line":7},"2":{"name":"(anonymous_2)","decl":{"start":{"line":8,"column":45},"end":{"line":8,"column":46}},"loc":{"start":{"line":8,"column":58},"end":{"line":11,"column":9}},"line":8},"3":{"name":"(anonymous_3)","decl":{"start":{"line":18,"column":39},"end":{"line":18,"column":40}},"loc":{"start":{"line":18,"column":46},"end":{"line":18,"column":77}},"line":18},"4":{"name":"(anonymous_4)","decl":{"start":{"line":19,"column":39},"end":{"line":19,"column":40}},"loc":{"start":{"line":19,"column":45},"end":{"line":19,"column":66}},"line":19}},"branchMap":{"0":{"loc":{"start":{"line":20,"column":17},"end":{"line":21,"column":83}},"type":"cond-expr","locations":[{"start":{"line":21,"column":16},"end":{"line":21,"column":76}},{"start":{"line":21,"column":78},"end":{"line":21,"column":83}}],"line":20}},"s":{"0":3,"1":3,"2":3,"3":1,"4":3,"5":3,"6":1,"7":1},"f":{"0":3,"1":3,"2":1,"3":1,"4":1},"b":{"0":[0,3]},"_coverageSchema":"1a1c01bbd47fc00a2c39e90264f33305004495a9","hash":"73e52ed4abb8741772184bd6e61c69ec618e0287"}
,"/Users/helmanso/Desktop/New folder/client/src/Components/Stage.js": {"path":"/Users/helmanso/Desktop/New folder/client/src/Components/Stage.js","statementMap":{"0":{"start":{"line":6,"column":14},"end":{"line":12,"column":1}},"1":{"start":{"line":7,"column":4},"end":{"line":11,"column":5}},"2":{"start":{"line":9,"column":34},"end":{"line":9,"column":91}},"3":{"start":{"line":9,"column":58},"end":{"line":9,"column":90}}},"fnMap":{"0":{"name":"(anonymous_0)","decl":{"start":{"line":6,"column":14},"end":{"line":6,"column":15}},"loc":{"start":{"line":6,"column":29},"end":{"line":12,"column":1}},"line":6},"1":{"name":"(anonymous_1)","decl":{"start":{"line":9,"column":24},"end":{"line":9,"column":25}},"loc":{"start":{"line":9,"column":34},"end":{"line":9,"column":91}},"line":9},"2":{"name":"(anonymous_2)","decl":{"start":{"line":9,"column":45},"end":{"line":9,"column":46}},"loc":{"start":{"line":9,"column":58},"end":{"line":9,"column":90}},"line":9}},"branchMap":{},"s":{"0":4,"1":1,"2":20,"3":240},"f":{"0":1,"1":20,"2":240},"b":{},"_coverageSchema":"1a1c01bbd47fc00a2c39e90264f33305004495a9","hash":"3e18e48b6aa0c3782519f9c10bcbe7a4a7443eb9"}
,"/Users/helmanso/Desktop/New folder/client/src/Components/Tetris.js": {"path":"/Users/helmanso/Desktop/New folder/client/src/Components/Tetris.js","statementMap":{"0":{"start":{"line":14,"column":15},"end":{"line":124,"column":1}},"1":{"start":{"line":16,"column":4},"end":{"line":40,"column":66}},"2":{"start":{"line":17,"column":8},"end":{"line":18,"column":18}},"3":{"start":{"line":18,"column":12},"end":{"line":18,"column":18}},"4":{"start":{"line":19,"column":8},"end":{"line":19,"column":117}},"5":{"start":{"line":19,"column":58},"end":{"line":19,"column":116}},"6":{"start":{"line":19,"column":75},"end":{"line":19,"column":115}},"7":{"start":{"line":20,"column":8},"end":{"line":25,"column":10}},"8":{"start":{"line":21,"column":12},"end":{"line":24,"column":14}},"9":{"start":{"line":22,"column":16},"end":{"line":23,"column":101}},"10":{"start":{"line":23,"column":20},"end":{"line":23,"column":101}},"11":{"start":{"line":27,"column":8},"end":{"line":36,"column":10}},"12":{"start":{"line":28,"column":12},"end":{"line":34,"column":13}},"13":{"start":{"line":28,"column":34},"end":{"line":28,"column":52}},"14":{"start":{"line":30,"column":16},"end":{"line":30,"column":46}},"15":{"start":{"line":31,"column":16},"end":{"line":31,"column":75}},"16":{"start":{"line":32,"column":16},"end":{"line":32,"column":97}},"17":{"start":{"line":33,"column":16},"end":{"line":33,"column":97}},"18":{"start":{"line":35,"column":12},"end":{"line":35,"column":22}},"19":{"start":{"line":38,"column":8},"end":{"line":38,"column":41}},"20":{"start":{"line":42,"column":4},"end":{"line":67,"column":6}},"21":{"start":{"line":44,"column":8},"end":{"line":46,"column":10}},"22":{"start":{"line":45,"column":12},"end":{"line":45,"column":33}},"23":{"start":{"line":48,"column":8},"end":{"line":50,"column":10}},"24":{"start":{"line":49,"column":12},"end":{"line":49,"column":37}},"25":{"start":{"line":52,"column":8},"end":{"line":57,"column":10}},"26":{"start":{"line":53,"column":12},"end":{"line":53,"column":103}},"27":{"start":{"line":54,"column":12},"end":{"line":54,"column":42}},"28":{"start":{"line":55,"column":12},"end":{"line":55,"column":93}},"29":{"start":{"line":56,"column":12},"end":{"line":56,"column":45}},"30":{"start":{"line":59,"column":8},"end":{"line":61,"column":10}},"31":{"start":{"line":60,"column":12},"end":{"line":60,"column":32}},"32":{"start":{"line":63,"column":8},"end":{"line":66,"column":10}},"33":{"start":{"line":64,"column":12},"end":{"line":64,"column":34}},"34":{"start":{"line":65,"column":12},"end":{"line":65,"column":29}},"35":{"start":{"line":71,"column":22},"end":{"line":79,"column":5}},"36":{"start":{"line":74,"column":8},"end":{"line":75,"column":18}},"37":{"start":{"line":75,"column":12},"end":{"line":75,"column":18}},"38":{"start":{"line":77,"column":8},"end":{"line":77,"column":86}},"39":{"start":{"line":78,"column":8},"end":{"line":78,"column":37}},"40":{"start":{"line":82,"column":4},"end":{"line":85,"column":11}},"41":{"start":{"line":83,"column":8},"end":{"line":84,"column":27}},"42":{"start":{"line":84,"column":12},"end":{"line":84,"column":27}},"43":{"start":{"line":87,"column":16},"end":{"line":102,"column":5}},"44":{"start":{"line":88,"column":8},"end":{"line":101,"column":9}},"45":{"start":{"line":89,"column":12},"end":{"line":89,"column":29}},"46":{"start":{"line":90,"column":13},"end":{"line":101,"column":9}},"47":{"start":{"line":91,"column":12},"end":{"line":91,"column":28}},"48":{"start":{"line":92,"column":13},"end":{"line":101,"column":9}},"49":{"start":{"line":93,"column":12},"end":{"line":93,"column":27}},"50":{"start":{"line":94,"column":13},"end":{"line":101,"column":9}},"51":{"start":{"line":96,"column":22},"end":{"line":96,"column":120}},"52":{"start":{"line":96,"column":66},"end":{"line":96,"column":119}},"53":{"start":{"line":96,"column":98},"end":{"line":96,"column":108}},"54":{"start":{"line":97,"column":12},"end":{"line":98,"column":22}},"55":{"start":{"line":98,"column":16},"end":{"line":98,"column":22}},"56":{"start":{"line":99,"column":12},"end":{"line":99,"column":48}},"57":{"start":{"line":104,"column":4},"end":{"line":123,"column":5}},"58":{"start":{"line":105,"column":69},"end":{"line":105,"column":75}},"59":{"start":{"line":112,"column":20},"end":{"line":113,"column":95}},"60":{"start":{"line":113,"column":24},"end":{"line":113,"column":95}}},"fnMap":{"0":{"name":"(anonymous_0)","decl":{"start":{"line":14,"column":15},"end":{"line":14,"column":16}},"loc":{"start":{"line":14,"column":30},"end":{"line":124,"column":1}},"line":14},"1":{"name":"(anonymous_1)","decl":{"start":{"line":16,"column":14},"end":{"line":16,"column":15}},"loc":{"start":{"line":16,"column":20},"end":{"line":40,"column":5}},"line":16},"2":{"name":"(anonymous_2)","decl":{"start":{"line":19,"column":50},"end":{"line":19,"column":51}},"loc":{"start":{"line":19,"column":58},"end":{"line":19,"column":116}},"line":19},"3":{"name":"(anonymous_3)","decl":{"start":{"line":19,"column":67},"end":{"line":19,"column":68}},"loc":{"start":{"line":19,"column":75},"end":{"line":19,"column":115}},"line":19},"4":{"name":"(anonymous_4)","decl":{"start":{"line":20,"column":37},"end":{"line":20,"column":38}},"loc":{"start":{"line":20,"column":50},"end":{"line":25,"column":9}},"line":20},"5":{"name":"(anonymous_5)","decl":{"start":{"line":21,"column":25},"end":{"line":21,"column":26}},"loc":{"start":{"line":21,"column":38},"end":{"line":24,"column":13}},"line":21},"6":{"name":"(anonymous_6)","decl":{"start":{"line":27,"column":34},"end":{"line":27,"column":35}},"loc":{"start":{"line":27,"column":46},"end":{"line":36,"column":9}},"line":27},"7":{"name":"(anonymous_7)","decl":{"start":{"line":28,"column":26},"end":{"line":28,"column":27}},"loc":{"start":{"line":28,"column":34},"end":{"line":28,"column":52}},"line":28},"8":{"name":"(anonymous_8)","decl":{"start":{"line":42,"column":14},"end":{"line":42,"column":15}},"loc":{"start":{"line":42,"column":20},"end":{"line":67,"column":5}},"line":42},"9":{"name":"(anonymous_9)","decl":{"start":{"line":44,"column":65},"end":{"line":44,"column":66}},"loc":{"start":{"line":44,"column":76},"end":{"line":46,"column":9}},"line":44},"10":{"name":"(anonymous_10)","decl":{"start":{"line":48,"column":73},"end":{"line":48,"column":74}},"loc":{"start":{"line":48,"column":86},"end":{"line":50,"column":9}},"line":48},"11":{"name":"(anonymous_11)","decl":{"start":{"line":52,"column":59},"end":{"line":52,"column":60}},"loc":{"start":{"line":52,"column":65},"end":{"line":57,"column":9}},"line":52},"12":{"name":"(anonymous_12)","decl":{"start":{"line":59,"column":61},"end":{"line":59,"column":62}},"loc":{"start":{"line":59,"column":71},"end":{"line":61,"column":9}},"line":59},"13":{"name":"(anonymous_13)","decl":{"start":{"line":63,"column":63},"end":{"line":63,"column":64}},"loc":{"start":{"line":63,"column":69},"end":{"line":66,"column":9}},"line":63},"14":{"name":"(anonymous_14)","decl":{"start":{"line":71,"column":22},"end":{"line":71,"column":23}},"loc":{"start":{"line":71,"column":40},"end":{"line":79,"column":5}},"line":71},"15":{"name":"(anonymous_15)","decl":{"start":{"line":82,"column":16},"end":{"line":82,"column":17}},"loc":{"start":{"line":82,"column":22},"end":{"line":85,"column":5}},"line":82},"16":{"name":"(anonymous_16)","decl":{"start":{"line":87,"column":16},"end":{"line":87,"column":17}},"loc":{"start":{"line":87,"column":28},"end":{"line":102,"column":5}},"line":87},"17":{"name":"(anonymous_17)","decl":{"start":{"line":96,"column":50},"end":{"line":96,"column":51}},"loc":{"start":{"line":96,"column":66},"end":{"line":96,"column":119}},"line":96},"18":{"name":"(anonymous_18)","decl":{"start":{"line":96,"column":91},"end":{"line":96,"column":92}},"loc":{"start":{"line":96,"column":98},"end":{"line":96,"column":108}},"line":96},"19":{"name":"(anonymous_19)","decl":{"start":{"line":105,"column":64},"end":{"line":105,"column":65}},"loc":{"start":{"line":105,"column":69},"end":{"line":105,"column":75}},"line":105},"20":{"name":"(anonymous_20)","decl":{"start":{"line":111,"column":41},"end":{"line":111,"column":42}},"loc":{"start":{"line":111,"column":51},"end":{"line":114,"column":17}},"line":111}},"branchMap":{"0":{"loc":{"start":{"line":17,"column":8},"end":{"line":18,"column":18}},"type":"if","locations":[{"start":{"line":17,"column":8},"end":{"line":18,"column":18}},{"start":{"line":17,"column":8},"end":{"line":18,"column":18}}],"line":17},"1":{"loc":{"start":{"line":19,"column":75},"end":{"line":19,"column":115}},"type":"cond-expr","locations":[{"start":{"line":19,"column":95},"end":{"line":19,"column":99}},{"start":{"line":19,"column":103},"end":{"line":19,"column":115}}],"line":19},"2":{"loc":{"start":{"line":22,"column":16},"end":{"line":23,"column":101}},"type":"if","locations":[{"start":{"line":22,"column":16},"end":{"line":23,"column":101}},{"start":{"line":22,"column":16},"end":{"line":23,"column":101}}],"line":22},"3":{"loc":{"start":{"line":28,"column":12},"end":{"line":34,"column":13}},"type":"if","locations":[{"start":{"line":28,"column":12},"end":{"line":34,"column":13}},{"start":{"line":28,"column":12},"end":{"line":34,"column":13}}],"line":28},"4":{"loc":{"start":{"line":74,"column":8},"end":{"line":75,"column":18}},"type":"if","locations":[{"start":{"line":74,"column":8},"end":{"line":75,"column":18}},{"start":{"line":74,"column":8},"end":{"line":75,"column":18}}],"line":74},"5":{"loc":{"start":{"line":83,"column":8},"end":{"line":84,"column":27}},"type":"if","locations":[{"start":{"line":83,"column":8},"end":{"line":84,"column":27}},{"start":{"line":83,"column":8},"end":{"line":84,"column":27}}],"line":83},"6":{"loc":{"start":{"line":88,"column":8},"end":{"line":101,"column":9}},"type":"if","locations":[{"start":{"line":88,"column":8},"end":{"line":101,"column":9}},{"start":{"line":88,"column":8},"end":{"line":101,"column":9}}],"line":88},"7":{"loc":{"start":{"line":90,"column":13},"end":{"line":101,"column":9}},"type":"if","locations":[{"start":{"line":90,"column":13},"end":{"line":101,"column":9}},{"start":{"line":90,"column":13},"end":{"line":101,"column":9}}],"line":90},"8":{"loc":{"start":{"line":92,"column":13},"end":{"line":101,"column":9}},"type":"if","locations":[{"start":{"line":92,"column":13},"end":{"line":101,"column":9}},{"start":{"line":92,"column":13},"end":{"line":101,"column":9}}],"line":92},"9":{"loc":{"start":{"line":94,"column":13},"end":{"line":101,"column":9}},"type":"if","locations":[{"start":{"line":94,"column":13},"end":{"line":101,"column":9}},{"start":{"line":94,"column":13},"end":{"line":101,"column":9}}],"line":94},"10":{"loc":{"start":{"line":97,"column":12},"end":{"line":98,"column":22}},"type":"if","locations":[{"start":{"line":97,"column":12},"end":{"line":98,"column":22}},{"start":{"line":97,"column":12},"end":{"line":98,"column":22}}],"line":97},"11":{"loc":{"start":{"line":112,"column":20},"end":{"line":113,"column":95}},"type":"if","locations":[{"start":{"line":112,"column":20},"end":{"line":113,"column":95}},{"start":{"line":112,"column":20},"end":{"line":113,"column":95}}],"line":112},"12":{"loc":{"start":{"line":116,"column":13},"end":{"line":118,"column":23}},"type":"cond-expr","locations":[{"start":{"line":117,"column":16},"end":{"line":117,"column":55}},{"start":{"line":118,"column":18},"end":{"line":118,"column":23}}],"line":116},"13":{"loc":{"start":{"line":120,"column":13},"end":{"line":120,"column":79}},"type":"cond-expr","locations":[{"start":{"line":120,"column":36},"end":{"line":120,"column":71}},{"start":{"line":120,"column":74},"end":{"line":120,"column":79}}],"line":120}},"s":{"0":4,"1":1,"2":1,"3":0,"4":1,"5":20,"6":240,"7":1,"8":3,"9":9,"10":3,"11":1,"12":20,"13":229,"14":19,"15":19,"16":19,"17":19,"18":20,"19":1,"20":1,"21":1,"22":1,"23":1,"24":1,"25":1,"26":1,"27":1,"28":1,"29":1,"30":1,"31":1,"32":1,"33":1,"34":1,"35":1,"36":0,"37":0,"38":0,"39":0,"40":1,"41":0,"42":0,"43":1,"44":1,"45":0,"46":1,"47":0,"48":1,"49":0,"50":1,"51":0,"52":0,"53":0,"54":0,"55":0,"56":0,"57":1,"58":1,"59":2,"60":2},"f":{"0":1,"1":1,"2":20,"3":240,"4":3,"5":9,"6":20,"7":229,"8":1,"9":1,"10":1,"11":1,"12":1,"13":1,"14":0,"15":0,"16":1,"17":0,"18":0,"19":1,"20":2},"b":{"0":[0,1],"1":[240,0],"2":[3,6],"3":[19,1],"4":[0,0],"5":[0,0],"6":[0,1],"7":[0,1],"8":[0,1],"9":[0,1],"10":[0,0],"11":[2,0],"12":[1,0],"13":[0,1]},"_coverageSchema":"1a1c01bbd47fc00a2c39e90264f33305004495a9","hash":"fd040ed6dedba5f0389d09a198502160de810751"}
,"/Users/helmanso/Desktop/New folder/client/src/Components/checkMove.js": {"path":"/Users/helmanso/Desktop/New folder/client/src/Components/checkMove.js","statementMap":{"0":{"start":{"line":2,"column":20},"end":{"line":2,"column":22}},"1":{"start":{"line":3,"column":21},"end":{"line":3,"column":23}},"2":{"start":{"line":4,"column":25},"end":{"line":4,"column":27}},"3":{"start":{"line":6,"column":19},"end":{"line":23,"column":2}},"4":{"start":{"line":8,"column":4},"end":{"line":9,"column":14}},"5":{"start":{"line":9,"column":8},"end":{"line":9,"column":14}},"6":{"start":{"line":10,"column":4},"end":{"line":15,"column":6}},"7":{"start":{"line":11,"column":8},"end":{"line":14,"column":10}},"8":{"start":{"line":12,"column":12},"end":{"line":13,"column":96}},"9":{"start":{"line":13,"column":16},"end":{"line":13,"column":96}},"10":{"start":{"line":17,"column":4},"end":{"line":17,"column":38}},"11":{"start":{"line":18,"column":4},"end":{"line":18,"column":29}},"12":{"start":{"line":20,"column":4},"end":{"line":21,"column":72}},"13":{"start":{"line":21,"column":8},"end":{"line":21,"column":72}},"14":{"start":{"line":22,"column":4},"end":{"line":22,"column":85}},"15":{"start":{"line":25,"column":25},"end":{"line":62,"column":1}},"16":{"start":{"line":26,"column":12},"end":{"line":26,"column":13}},"17":{"start":{"line":27,"column":12},"end":{"line":27,"column":13}},"18":{"start":{"line":29,"column":4},"end":{"line":30,"column":14}},"19":{"start":{"line":30,"column":8},"end":{"line":30,"column":14}},"20":{"start":{"line":31,"column":4},"end":{"line":61,"column":5}},"21":{"start":{"line":33,"column":8},"end":{"line":33,"column":13}},"22":{"start":{"line":34,"column":8},"end":{"line":59,"column":9}},"23":{"start":{"line":36,"column":12},"end":{"line":57,"column":13}},"24":{"start":{"line":38,"column":16},"end":{"line":56,"column":17}},"25":{"start":{"line":39,"column":20},"end":{"line":39,"column":32}},"26":{"start":{"line":40,"column":21},"end":{"line":56,"column":17}},"27":{"start":{"line":42,"column":20},"end":{"line":42,"column":37}},"28":{"start":{"line":43,"column":20},"end":{"line":43,"column":31}},"29":{"start":{"line":45,"column":21},"end":{"line":56,"column":17}},"30":{"start":{"line":46,"column":20},"end":{"line":46,"column":32}},"31":{"start":{"line":47,"column":21},"end":{"line":56,"column":17}},"32":{"start":{"line":49,"column":20},"end":{"line":53,"column":21}},"33":{"start":{"line":51,"column":24},"end":{"line":51,"column":83}},"34":{"start":{"line":52,"column":24},"end":{"line":52,"column":36}},"35":{"start":{"line":54,"column":20},"end":{"line":54,"column":37}},"36":{"start":{"line":55,"column":20},"end":{"line":55,"column":31}},"37":{"start":{"line":58,"column":12},"end":{"line":58,"column":16}},"38":{"start":{"line":60,"column":8},"end":{"line":60,"column":12}},"39":{"start":{"line":66,"column":26},"end":{"line":103,"column":1}},"40":{"start":{"line":67,"column":12},"end":{"line":67,"column":13}},"41":{"start":{"line":68,"column":12},"end":{"line":68,"column":13}},"42":{"start":{"line":70,"column":4},"end":{"line":102,"column":5}},"43":{"start":{"line":72,"column":8},"end":{"line":72,"column":13}},"44":{"start":{"line":73,"column":8},"end":{"line":100,"column":9}},"45":{"start":{"line":75,"column":12},"end":{"line":98,"column":13}},"46":{"start":{"line":77,"column":16},"end":{"line":97,"column":32}},"47":{"start":{"line":79,"column":20},"end":{"line":80,"column":46}},"48":{"start":{"line":80,"column":24},"end":{"line":80,"column":46}},"49":{"start":{"line":81,"column":20},"end":{"line":81,"column":42}},"50":{"start":{"line":82,"column":20},"end":{"line":82,"column":49}},"51":{"start":{"line":83,"column":20},"end":{"line":83,"column":31}},"52":{"start":{"line":85,"column":21},"end":{"line":97,"column":32}},"53":{"start":{"line":87,"column":20},"end":{"line":87,"column":42}},"54":{"start":{"line":88,"column":20},"end":{"line":88,"column":49}},"55":{"start":{"line":90,"column":20},"end":{"line":90,"column":31}},"56":{"start":{"line":92,"column":21},"end":{"line":97,"column":32}},"57":{"start":{"line":93,"column":20},"end":{"line":93,"column":32}},"58":{"start":{"line":94,"column":21},"end":{"line":97,"column":32}},"59":{"start":{"line":95,"column":20},"end":{"line":95,"column":32}},"60":{"start":{"line":96,"column":21},"end":{"line":97,"column":32}},"61":{"start":{"line":97,"column":20},"end":{"line":97,"column":32}},"62":{"start":{"line":99,"column":12},"end":{"line":99,"column":16}},"63":{"start":{"line":101,"column":8},"end":{"line":101,"column":12}}},"fnMap":{"0":{"name":"(anonymous_0)","decl":{"start":{"line":6,"column":19},"end":{"line":6,"column":20}},"loc":{"start":{"line":6,"column":30},"end":{"line":23,"column":2}},"line":6},"1":{"name":"(anonymous_1)","decl":{"start":{"line":10,"column":33},"end":{"line":10,"column":34}},"loc":{"start":{"line":10,"column":46},"end":{"line":15,"column":5}},"line":10},"2":{"name":"(anonymous_2)","decl":{"start":{"line":11,"column":21},"end":{"line":11,"column":22}},"loc":{"start":{"line":11,"column":34},"end":{"line":14,"column":9}},"line":11},"3":{"name":"(anonymous_3)","decl":{"start":{"line":25,"column":25},"end":{"line":25,"column":26}},"loc":{"start":{"line":25,"column":49},"end":{"line":62,"column":1}},"line":25},"4":{"name":"(anonymous_4)","decl":{"start":{"line":66,"column":26},"end":{"line":66,"column":27}},"loc":{"start":{"line":66,"column":58},"end":{"line":103,"column":1}},"line":66}},"branchMap":{"0":{"loc":{"start":{"line":8,"column":4},"end":{"line":9,"column":14}},"type":"if","locations":[{"start":{"line":8,"column":4},"end":{"line":9,"column":14}},{"start":{"line":8,"column":4},"end":{"line":9,"column":14}}],"line":8},"1":{"loc":{"start":{"line":12,"column":12},"end":{"line":13,"column":96}},"type":"if","locations":[{"start":{"line":12,"column":12},"end":{"line":13,"column":96}},{"start":{"line":12,"column":12},"end":{"line":13,"column":96}}],"line":12},"2":{"loc":{"start":{"line":20,"column":4},"end":{"line":21,"column":72}},"type":"if","locations":[{"start":{"line":20,"column":4},"end":{"line":21,"column":72}},{"start":{"line":20,"column":4},"end":{"line":21,"column":72}}],"line":20},"3":{"loc":{"start":{"line":29,"column":4},"end":{"line":30,"column":14}},"type":"if","locations":[{"start":{"line":29,"column":4},"end":{"line":30,"column":14}},{"start":{"line":29,"column":4},"end":{"line":30,"column":14}}],"line":29},"4":{"loc":{"start":{"line":36,"column":12},"end":{"line":57,"column":13}},"type":"if","locations":[{"start":{"line":36,"column":12},"end":{"line":57,"column":13}},{"start":{"line":36,"column":12},"end":{"line":57,"column":13}}],"line":36},"5":{"loc":{"start":{"line":38,"column":16},"end":{"line":56,"column":17}},"type":"if","locations":[{"start":{"line":38,"column":16},"end":{"line":56,"column":17}},{"start":{"line":38,"column":16},"end":{"line":56,"column":17}}],"line":38},"6":{"loc":{"start":{"line":38,"column":20},"end":{"line":38,"column":99}},"type":"binary-expr","locations":[{"start":{"line":38,"column":20},"end":{"line":38,"column":52}},{"start":{"line":38,"column":56},"end":{"line":38,"column":99}}],"line":38},"7":{"loc":{"start":{"line":40,"column":21},"end":{"line":56,"column":17}},"type":"if","locations":[{"start":{"line":40,"column":21},"end":{"line":56,"column":17}},{"start":{"line":40,"column":21},"end":{"line":56,"column":17}}],"line":40},"8":{"loc":{"start":{"line":45,"column":21},"end":{"line":56,"column":17}},"type":"if","locations":[{"start":{"line":45,"column":21},"end":{"line":56,"column":17}},{"start":{"line":45,"column":21},"end":{"line":56,"column":17}}],"line":45},"9":{"loc":{"start":{"line":47,"column":21},"end":{"line":56,"column":17}},"type":"if","locations":[{"start":{"line":47,"column":21},"end":{"line":56,"column":17}},{"start":{"line":47,"column":21},"end":{"line":56,"column":17}}],"line":47},"10":{"loc":{"start":{"line":49,"column":20},"end":{"line":53,"column":21}},"type":"if","locations":[{"start":{"line":49,"column":20},"end":{"line":53,"column":21}},{"start":{"line":49,"column":20},"end":{"line":53,"column":21}}],"line":49},"11":{"loc":{"start":{"line":75,"column":12},"end":{"line":98,"column":13}},"type":"if","locations":[{"start":{"line":75,"column":12},"end":{"line":98,"column":13}},{"start":{"line":75,"column":12},"end":{"line":98,"column":13}}],"line":75},"12":{"loc":{"start":{"line":77,"column":16},"end":{"line":97,"column":32}},"type":"if","locations":[{"start":{"line":77,"column":16},"end":{"line":97,"column":32}},{"start":{"line":77,"column":16},"end":{"line":97,"column":32}}],"line":77},"13":{"loc":{"start":{"line":79,"column":20},"end":{"line":80,"column":46}},"type":"if","locations":[{"start":{"line":79,"column":20},"end":{"line":80,"column":46}},{"start":{"line":79,"column":20},"end":{"line":80,"column":46}}],"line":79},"14":{"loc":{"start":{"line":85,"column":21},"end":{"line":97,"column":32}},"type":"if","locations":[{"start":{"line":85,"column":21},"end":{"line":97,"column":32}},{"start":{"line":85,"column":21},"end":{"line":97,"column":32}}],"line":85},"15":{"loc":{"start":{"line":92,"column":21},"end":{"line":97,"column":32}},"type":"if","locations":[{"start":{"line":92,"column":21},"end":{"line":97,"column":32}},{"start":{"line":92,"column":21},"end":{"line":97,"column":32}}],"line":92},"16":{"loc":{"start":{"line":94,"column":21},"end":{"line":97,"column":32}},"type":"if","locations":[{"start":{"line":94,"column":21},"end":{"line":97,"column":32}},{"start":{"line":94,"column":21},"end":{"line":97,"column":32}}],"line":94},"17":{"loc":{"start":{"line":96,"column":21},"end":{"line":97,"column":32}},"type":"if","locations":[{"start":{"line":96,"column":21},"end":{"line":97,"column":32}},{"start":{"line":96,"column":21},"end":{"line":97,"column":32}}],"line":96}},"s":{"0":5,"1":5,"2":5,"3":5,"4":0,"5":0,"6":0,"7":0,"8":0,"9":0,"10":0,"11":0,"12":0,"13":0,"14":0,"15":5,"16":1,"17":1,"18":1,"19":0,"20":1,"21":2,"22":2,"23":4,"24":1,"25":0,"26":1,"27":0,"28":0,"29":1,"30":1,"31":0,"32":0,"33":0,"34":0,"35":0,"36":0,"37":3,"38":1,"39":5,"40":0,"41":0,"42":0,"43":0,"44":0,"45":0,"46":0,"47":0,"48":0,"49":0,"50":0,"51":0,"52":0,"53":0,"54":0,"55":0,"56":0,"57":0,"58":0,"59":0,"60":0,"61":0,"62":0,"63":0},"f":{"0":0,"1":0,"2":0,"3":1,"4":0},"b":{"0":[0,0],"1":[0,0],"2":[0,0],"3":[0,1],"4":[1,3],"5":[0,1],"6":[1,1],"7":[0,1],"8":[1,0],"9":[0,0],"10":[0,0],"11":[0,0],"12":[0,0],"13":[0,0],"14":[0,0],"15":[0,0],"16":[0,0],"17":[0,0]},"_coverageSchema":"1a1c01bbd47fc00a2c39e90264f33305004495a9","hash":"b553df198712ac3a8b1b409fb75957fd351beb51"}
,"/Users/helmanso/Desktop/New folder/client/src/Components/Styled/StyledBackground.js": {"path":"/Users/helmanso/Desktop/New folder/client/src/Components/Styled/StyledBackground.js","statementMap":{"0":{"start":{"line":5,"column":25},"end":{"line":15,"column":1}}},"fnMap":{},"branchMap":{},"s":{"0":4},"f":{},"b":{},"_coverageSchema":"1a1c01bbd47fc00a2c39e90264f33305004495a9","hash":"cf4e4924e680d44f0c2c11fd8622898b13d60ba0"}
,"/Users/helmanso/Desktop/New folder/client/src/Components/Styled/StyledCell.js": {"path":"/Users/helmanso/Desktop/New folder/client/src/Components/Styled/StyledCell.js","statementMap":{"0":{"start":{"line":4,"column":19},"end":{"line":8,"column":5}},"1":{"start":{"line":6,"column":27},"end":{"line":6,"column":66}},"2":{"start":{"line":7,"column":31},"end":{"line":7,"column":71}}},"fnMap":{"0":{"name":"(anonymous_0)","decl":{"start":{"line":6,"column":18},"end":{"line":6,"column":19}},"loc":{"start":{"line":6,"column":27},"end":{"line":6,"column":66}},"line":6},"1":{"name":"(anonymous_1)","decl":{"start":{"line":7,"column":22},"end":{"line":7,"column":23}},"loc":{"start":{"line":7,"column":31},"end":{"line":7,"column":71}},"line":7}},"branchMap":{"0":{"loc":{"start":{"line":6,"column":27},"end":{"line":6,"column":66}},"type":"cond-expr","locations":[{"start":{"line":6,"column":47},"end":{"line":6,"column":58}},{"start":{"line":6,"column":61},"end":{"line":6,"column":66}}],"line":6},"1":{"loc":{"start":{"line":7,"column":31},"end":{"line":7,"column":71}},"type":"cond-expr","locations":[{"start":{"line":7,"column":51},"end":{"line":7,"column":62}},{"start":{"line":7,"column":65},"end":{"line":7,"column":71}}],"line":7}},"s":{"0":4,"1":480,"2":480},"f":{"0":480,"1":480},"b":{"0":[240,240],"1":[240,240]},"_coverageSchema":"1a1c01bbd47fc00a2c39e90264f33305004495a9","hash":"4192574568848471ccd0c4ba253d25414db412a1"}
,"/Users/helmanso/Desktop/New folder/client/src/Components/Styled/StyledGameOver.js": {"path":"/Users/helmanso/Desktop/New folder/client/src/Components/Styled/StyledGameOver.js","statementMap":{"0":{"start":{"line":5,"column":30},"end":{"line":15,"column":1}},"1":{"start":{"line":17,"column":27},"end":{"line":37,"column":1}},"2":{"start":{"line":38,"column":26},"end":{"line":48,"column":1}}},"fnMap":{},"branchMap":{},"s":{"0":4,"1":4,"2":4},"f":{},"b":{},"_coverageSchema":"1a1c01bbd47fc00a2c39e90264f33305004495a9","hash":"e3c2b65f2e36b83c80a90979d6c1c6be0fa1ec86"}
,"/Users/helmanso/Desktop/New folder/client/src/Components/Styled/StyledHolders.js": {"path":"/Users/helmanso/Desktop/New folder/client/src/Components/Styled/StyledHolders.js","statementMap":{"0":{"start":{"line":5,"column":28},"end":{"line":16,"column":1}},"1":{"start":{"line":17,"column":27},"end":{"line":29,"column":1}},"2":{"start":{"line":31,"column":27},"end":{"line":49,"column":1}},"3":{"start":{"line":51,"column":28},"end":{"line":71,"column":1}},"4":{"start":{"line":73,"column":26},"end":{"line":91,"column":3}},"5":{"start":{"line":93,"column":25},"end":{"line":96,"column":1}},"6":{"start":{"line":99,"column":27},"end":{"line":110,"column":1}}},"fnMap":{},"branchMap":{},"s":{"0":7,"1":7,"2":7,"3":7,"4":7,"5":7,"6":7},"f":{},"b":{},"_coverageSchema":"1a1c01bbd47fc00a2c39e90264f33305004495a9","hash":"bb0b345288570d86e961ebc8d8aff1023658276d"}
,"/Users/helmanso/Desktop/New folder/client/src/Components/Styled/StyledSpecter.js": {"path":"/Users/helmanso/Desktop/New folder/client/src/Components/Styled/StyledSpecter.js","statementMap":{"0":{"start":{"line":8,"column":29},"end":{"line":26,"column":1}},"1":{"start":{"line":11,"column":19},"end":{"line":11,"column":31}},"2":{"start":{"line":12,"column":31},"end":{"line":12,"column":42}},"3":{"start":{"line":15,"column":45},"end":{"line":15,"column":56}},"4":{"start":{"line":28,"column":23},"end":{"line":34,"column":1}},"5":{"start":{"line":29,"column":4},"end":{"line":33,"column":5}},"6":{"start":{"line":31,"column":34},"end":{"line":31,"column":91}},"7":{"start":{"line":31,"column":58},"end":{"line":31,"column":90}}},"fnMap":{"0":{"name":"(anonymous_0)","decl":{"start":{"line":11,"column":10},"end":{"line":11,"column":11}},"loc":{"start":{"line":11,"column":19},"end":{"line":11,"column":31}},"line":11},"1":{"name":"(anonymous_1)","decl":{"start":{"line":12,"column":22},"end":{"line":12,"column":23}},"loc":{"start":{"line":12,"column":31},"end":{"line":12,"column":42}},"line":12},"2":{"name":"(anonymous_2)","decl":{"start":{"line":15,"column":36},"end":{"line":15,"column":37}},"loc":{"start":{"line":15,"column":45},"end":{"line":15,"column":56}},"line":15},"3":{"name":"(anonymous_3)","decl":{"start":{"line":28,"column":23},"end":{"line":28,"column":24}},"loc":{"start":{"line":28,"column":38},"end":{"line":34,"column":1}},"line":28},"4":{"name":"(anonymous_4)","decl":{"start":{"line":31,"column":24},"end":{"line":31,"column":25}},"loc":{"start":{"line":31,"column":34},"end":{"line":31,"column":91}},"line":31},"5":{"name":"(anonymous_5)","decl":{"start":{"line":31,"column":45},"end":{"line":31,"column":46}},"loc":{"start":{"line":31,"column":58},"end":{"line":31,"column":90}},"line":31}},"branchMap":{},"s":{"0":4,"1":1,"2":1,"3":1,"4":4,"5":1,"6":20,"7":240},"f":{"0":1,"1":1,"2":1,"3":1,"4":20,"5":240},"b":{},"_coverageSchema":"1a1c01bbd47fc00a2c39e90264f33305004495a9","hash":"bd083731ffef2aafe88af976c239c49181f4af2d"}
,"/Users/helmanso/Desktop/New folder/client/src/Components/Styled/StyledStage.js": {"path":"/Users/helmanso/Desktop/New folder/client/src/Components/Styled/StyledStage.js","statementMap":{"0":{"start":{"line":4,"column":20},"end":{"line":23,"column":1}},"1":{"start":{"line":7,"column":19},"end":{"line":7,"column":31}},"2":{"start":{"line":8,"column":31},"end":{"line":8,"column":42}},"3":{"start":{"line":11,"column":45},"end":{"line":11,"column":56}}},"fnMap":{"0":{"name":"(anonymous_0)","decl":{"start":{"line":7,"column":10},"end":{"line":7,"column":11}},"loc":{"start":{"line":7,"column":19},"end":{"line":7,"column":31}},"line":7},"1":{"name":"(anonymous_1)","decl":{"start":{"line":8,"column":22},"end":{"line":8,"column":23}},"loc":{"start":{"line":8,"column":31},"end":{"line":8,"column":42}},"line":8},"2":{"name":"(anonymous_2)","decl":{"start":{"line":11,"column":36},"end":{"line":11,"column":37}},"loc":{"start":{"line":11,"column":45},"end":{"line":11,"column":56}},"line":11}},"branchMap":{},"s":{"0":4,"1":1,"2":1,"3":1},"f":{"0":1,"1":1,"2":1},"b":{},"_coverageSchema":"1a1c01bbd47fc00a2c39e90264f33305004495a9","hash":"d6711b102df49cbdd4a748b5f1e8f19df517ecee"}
,"/Users/helmanso/Desktop/New folder/client/src/Components/Styled/StyledTetris.js": {"path":"/Users/helmanso/Desktop/New folder/client/src/Components/Styled/StyledTetris.js","statementMap":{"0":{"start":{"line":4,"column":21},"end":{"line":10,"column":5}}},"fnMap":{},"branchMap":{},"s":{"0":4},"f":{},"b":{},"_coverageSchema":"1a1c01bbd47fc00a2c39e90264f33305004495a9","hash":"8c5115be621bd35bdec4a1e1111cf8f4c453e913"}
,"/Users/helmanso/Desktop/New folder/client/src/Components/hooks/useInterval.js": {"path":"/Users/helmanso/Desktop/New folder/client/src/Components/hooks/useInterval.js","statementMap":{"0":{"start":{"line":4,"column":24},"end":{"line":4,"column":32}},"1":{"start":{"line":6,"column":2},"end":{"line":8,"column":17}},"2":{"start":{"line":7,"column":4},"end":{"line":7,"column":37}},"3":{"start":{"line":11,"column":2},"end":{"line":21,"column":14}},"4":{"start":{"line":13,"column":6},"end":{"line":13,"column":30}},"5":{"start":{"line":15,"column":4},"end":{"line":20,"column":5}},"6":{"start":{"line":16,"column":17},"end":{"line":16,"column":41}},"7":{"start":{"line":17,"column":6},"end":{"line":19,"column":8}},"8":{"start":{"line":18,"column":8},"end":{"line":18,"column":26}}},"fnMap":{"0":{"name":"useInterval","decl":{"start":{"line":3,"column":16},"end":{"line":3,"column":27}},"loc":{"start":{"line":3,"column":45},"end":{"line":22,"column":1}},"line":3},"1":{"name":"(anonymous_1)","decl":{"start":{"line":6,"column":12},"end":{"line":6,"column":13}},"loc":{"start":{"line":6,"column":18},"end":{"line":8,"column":3}},"line":6},"2":{"name":"(anonymous_2)","decl":{"start":{"line":11,"column":12},"end":{"line":11,"column":13}},"loc":{"start":{"line":11,"column":18},"end":{"line":21,"column":3}},"line":11},"3":{"name":"tick","decl":{"start":{"line":12,"column":13},"end":{"line":12,"column":17}},"loc":{"start":{"line":12,"column":20},"end":{"line":14,"column":5}},"line":12},"4":{"name":"(anonymous_4)","decl":{"start":{"line":17,"column":13},"end":{"line":17,"column":14}},"loc":{"start":{"line":17,"column":19},"end":{"line":19,"column":7}},"line":17}},"branchMap":{"0":{"loc":{"start":{"line":15,"column":4},"end":{"line":20,"column":5}},"type":"if","locations":[{"start":{"line":15,"column":4},"end":{"line":20,"column":5}},{"start":{"line":15,"column":4},"end":{"line":20,"column":5}}],"line":15}},"s":{"0":4,"1":4,"2":4,"3":4,"4":5,"5":4,"6":3,"7":3,"8":3},"f":{"0":4,"1":4,"2":4,"3":5,"4":3},"b":{"0":[3,1]},"_coverageSchema":"1a1c01bbd47fc00a2c39e90264f33305004495a9","hash":"54e482eb4353e7b1a3fa16a69bd328d2dd5cff00"}
,"/Users/helmanso/Desktop/New folder/client/src/redux/actions/actionTypes.js": {"path":"/Users/helmanso/Desktop/New folder/client/src/redux/actions/actionTypes.js","statementMap":{"0":{"start":{"line":1,"column":26},"end":{"line":1,"column":27}},"1":{"start":{"line":2,"column":34},"end":{"line":2,"column":45}},"2":{"start":{"line":3,"column":29},"end":{"line":3,"column":30}},"3":{"start":{"line":4,"column":34},"end":{"line":4,"column":35}},"4":{"start":{"line":5,"column":24},"end":{"line":5,"column":25}},"5":{"start":{"line":6,"column":31},"end":{"line":6,"column":32}},"6":{"start":{"line":7,"column":32},"end":{"line":7,"column":33}},"7":{"start":{"line":8,"column":25},"end":{"line":8,"column":26}},"8":{"start":{"line":9,"column":28},"end":{"line":9,"column":29}},"9":{"start":{"line":10,"column":25},"end":{"line":10,"column":26}},"10":{"start":{"line":11,"column":26},"end":{"line":11,"column":28}},"11":{"start":{"line":12,"column":33},"end":{"line":12,"column":35}},"12":{"start":{"line":13,"column":35},"end":{"line":13,"column":37}},"13":{"start":{"line":14,"column":24},"end":{"line":14,"column":26}},"14":{"start":{"line":15,"column":31},"end":{"line":15,"column":33}},"15":{"start":{"line":16,"column":27},"end":{"line":16,"column":29}},"16":{"start":{"line":17,"column":28},"end":{"line":17,"column":30}},"17":{"start":{"line":18,"column":25},"end":{"line":18,"column":27}},"18":{"start":{"line":19,"column":25},"end":{"line":19,"column":27}},"19":{"start":{"line":20,"column":29},"end":{"line":20,"column":31}},"20":{"start":{"line":21,"column":32},"end":{"line":21,"column":34}},"21":{"start":{"line":22,"column":29},"end":{"line":22,"column":31}},"22":{"start":{"line":23,"column":32},"end":{"line":23,"column":34}},"23":{"start":{"line":24,"column":23},"end":{"line":24,"column":25}},"24":{"start":{"line":25,"column":28},"end":{"line":25,"column":30}},"25":{"start":{"line":26,"column":27},"end":{"line":26,"column":29}},"26":{"start":{"line":27,"column":31},"end":{"line":27,"column":33}},"27":{"start":{"line":28,"column":25},"end":{"line":28,"column":27}},"28":{"start":{"line":29,"column":26},"end":{"line":29,"column":28}}},"fnMap":{},"branchMap":{},"s":{"0":11,"1":11,"2":11,"3":11,"4":11,"5":11,"6":11,"7":11,"8":11,"9":11,"10":11,"11":11,"12":11,"13":11,"14":11,"15":11,"16":11,"17":11,"18":11,"19":11,"20":11,"21":11,"22":11,"23":11,"24":11,"25":11,"26":11,"27":11,"28":11},"f":{},"b":{},"_coverageSchema":"1a1c01bbd47fc00a2c39e90264f33305004495a9","hash":"b5e300497eab06af6cc2e0a8e80fcb2a9b5369cb"}
,"/Users/helmanso/Desktop/New folder/client/src/redux/actions/newPlayer.js": {"path":"/Users/helmanso/Desktop/New folder/client/src/redux/actions/newPlayer.js","statementMap":{"0":{"start":{"line":4,"column":25},"end":{"line":10,"column":1}},"1":{"start":{"line":5,"column":4},"end":{"line":9,"column":5}},"2":{"start":{"line":12,"column":23},"end":{"line":18,"column":1}},"3":{"start":{"line":13,"column":4},"end":{"line":17,"column":5}},"4":{"start":{"line":20,"column":24},"end":{"line":26,"column":1}},"5":{"start":{"line":21,"column":4},"end":{"line":25,"column":5}},"6":{"start":{"line":28,"column":25},"end":{"line":34,"column":1}},"7":{"start":{"line":29,"column":4},"end":{"line":33,"column":5}},"8":{"start":{"line":36,"column":25},"end":{"line":40,"column":1}},"9":{"start":{"line":37,"column":4},"end":{"line":39,"column":5}},"10":{"start":{"line":43,"column":24},"end":{"line":48,"column":1}},"11":{"start":{"line":44,"column":4},"end":{"line":47,"column":5}}},"fnMap":{"0":{"name":"(anonymous_0)","decl":{"start":{"line":4,"column":25},"end":{"line":4,"column":26}},"loc":{"start":{"line":4,"column":37},"end":{"line":10,"column":1}},"line":4},"1":{"name":"(anonymous_1)","decl":{"start":{"line":12,"column":23},"end":{"line":12,"column":24}},"loc":{"start":{"line":12,"column":35},"end":{"line":18,"column":1}},"line":12},"2":{"name":"(anonymous_2)","decl":{"start":{"line":20,"column":24},"end":{"line":20,"column":25}},"loc":{"start":{"line":20,"column":37},"end":{"line":26,"column":1}},"line":20},"3":{"name":"(anonymous_3)","decl":{"start":{"line":28,"column":25},"end":{"line":28,"column":26}},"loc":{"start":{"line":28,"column":35},"end":{"line":34,"column":1}},"line":28},"4":{"name":"(anonymous_4)","decl":{"start":{"line":36,"column":25},"end":{"line":36,"column":26}},"loc":{"start":{"line":36,"column":31},"end":{"line":40,"column":1}},"line":36},"5":{"name":"(anonymous_5)","decl":{"start":{"line":43,"column":24},"end":{"line":43,"column":25}},"loc":{"start":{"line":43,"column":34},"end":{"line":48,"column":1}},"line":43}},"branchMap":{},"s":{"0":6,"1":5,"2":6,"3":3,"4":6,"5":2,"6":6,"7":2,"8":6,"9":2,"10":6,"11":2},"f":{"0":5,"1":3,"2":2,"3":2,"4":2,"5":2},"b":{},"_coverageSchema":"1a1c01bbd47fc00a2c39e90264f33305004495a9","hash":"845931faac3939e855439d963acf45382732add9"}
,"/Users/helmanso/Desktop/New folder/client/src/redux/actions/tetrisActions.js": {"path":"/Users/helmanso/Desktop/New folder/client/src/redux/actions/tetrisActions.js","statementMap":{"0":{"start":{"line":4,"column":24},"end":{"line":9,"column":1}},"1":{"start":{"line":5,"column":4},"end":{"line":8,"column":5}},"2":{"start":{"line":11,"column":24},"end":{"line":16,"column":1}},"3":{"start":{"line":12,"column":4},"end":{"line":15,"column":5}},"4":{"start":{"line":19,"column":22},"end":{"line":24,"column":1}},"5":{"start":{"line":20,"column":4},"end":{"line":23,"column":5}},"6":{"start":{"line":26,"column":27},"end":{"line":31,"column":1}},"7":{"start":{"line":27,"column":4},"end":{"line":30,"column":5}},"8":{"start":{"line":34,"column":26},"end":{"line":39,"column":1}},"9":{"start":{"line":35,"column":4},"end":{"line":38,"column":9}},"10":{"start":{"line":41,"column":25},"end":{"line":45,"column":1}},"11":{"start":{"line":42,"column":4},"end":{"line":44,"column":5}}},"fnMap":{"0":{"name":"(anonymous_0)","decl":{"start":{"line":4,"column":24},"end":{"line":4,"column":25}},"loc":{"start":{"line":4,"column":35},"end":{"line":9,"column":1}},"line":4},"1":{"name":"(anonymous_1)","decl":{"start":{"line":11,"column":24},"end":{"line":11,"column":25}},"loc":{"start":{"line":11,"column":35},"end":{"line":16,"column":1}},"line":11},"2":{"name":"(anonymous_2)","decl":{"start":{"line":19,"column":22},"end":{"line":19,"column":23}},"loc":{"start":{"line":19,"column":31},"end":{"line":24,"column":1}},"line":19},"3":{"name":"(anonymous_3)","decl":{"start":{"line":26,"column":27},"end":{"line":26,"column":28}},"loc":{"start":{"line":26,"column":38},"end":{"line":31,"column":1}},"line":26},"4":{"name":"(anonymous_4)","decl":{"start":{"line":34,"column":26},"end":{"line":34,"column":27}},"loc":{"start":{"line":34,"column":39},"end":{"line":39,"column":1}},"line":34},"5":{"name":"(anonymous_5)","decl":{"start":{"line":41,"column":25},"end":{"line":41,"column":26}},"loc":{"start":{"line":41,"column":31},"end":{"line":45,"column":1}},"line":41}},"branchMap":{},"s":{"0":3,"1":2,"2":3,"3":2,"4":3,"5":2,"6":3,"7":2,"8":3,"9":2,"10":3,"11":2},"f":{"0":2,"1":2,"2":2,"3":2,"4":2,"5":2},"b":{},"_coverageSchema":"1a1c01bbd47fc00a2c39e90264f33305004495a9","hash":"7eb9afe6477b9f05e5bfd970cd24fb9bf9425cea"}
,"/Users/helmanso/Desktop/New folder/client/src/redux/reducers/LoobyReducer.js": {"path":"/Users/helmanso/Desktop/New folder/client/src/redux/reducers/LoobyReducer.js","statementMap":{"0":{"start":{"line":3,"column":14},"end":{"line":7,"column":1}},"1":{"start":{"line":9,"column":28},"end":{"line":32,"column":1}},"2":{"start":{"line":10,"column":4},"end":{"line":31,"column":5}},"3":{"start":{"line":13,"column":12},"end":{"line":16,"column":13}},"4":{"start":{"line":19,"column":12},"end":{"line":23,"column":13}},"5":{"start":{"line":26,"column":12},"end":{"line":29,"column":13}},"6":{"start":{"line":30,"column":18},"end":{"line":30,"column":30}}},"fnMap":{"0":{"name":"(anonymous_0)","decl":{"start":{"line":9,"column":28},"end":{"line":9,"column":29}},"loc":{"start":{"line":9,"column":55},"end":{"line":32,"column":1}},"line":9}},"branchMap":{"0":{"loc":{"start":{"line":9,"column":29},"end":{"line":9,"column":42}},"type":"default-arg","locations":[{"start":{"line":9,"column":37},"end":{"line":9,"column":42}}],"line":9},"1":{"loc":{"start":{"line":10,"column":4},"end":{"line":31,"column":5}},"type":"switch","locations":[{"start":{"line":12,"column":8},"end":{"line":16,"column":13}},{"start":{"line":18,"column":8},"end":{"line":23,"column":13}},{"start":{"line":25,"column":8},"end":{"line":29,"column":13}},{"start":{"line":30,"column":8},"end":{"line":30,"column":30}}],"line":10}},"s":{"0":3,"1":3,"2":10,"3":1,"4":1,"5":1,"6":7},"f":{"0":10},"b":{"0":[10],"1":[1,1,1,7]},"_coverageSchema":"1a1c01bbd47fc00a2c39e90264f33305004495a9","hash":"502df9689fb68967b8c2e5b70d4cbbf6228b1c00"}
,"/Users/helmanso/Desktop/New folder/client/src/redux/reducers/playerReducer.js": {"path":"/Users/helmanso/Desktop/New folder/client/src/redux/reducers/playerReducer.js","statementMap":{"0":{"start":{"line":3,"column":15},"end":{"line":12,"column":1}},"1":{"start":{"line":14,"column":29},"end":{"line":59,"column":1}},"2":{"start":{"line":15,"column":4},"end":{"line":58,"column":5}},"3":{"start":{"line":18,"column":12},"end":{"line":25,"column":13}},"4":{"start":{"line":28,"column":12},"end":{"line":32,"column":13}},"5":{"start":{"line":35,"column":12},"end":{"line":42,"column":13}},"6":{"start":{"line":45,"column":12},"end":{"line":50,"column":13}},"7":{"start":{"line":53,"column":12},"end":{"line":56,"column":13}},"8":{"start":{"line":57,"column":18},"end":{"line":57,"column":30}}},"fnMap":{"0":{"name":"(anonymous_0)","decl":{"start":{"line":14,"column":29},"end":{"line":14,"column":30}},"loc":{"start":{"line":14,"column":57},"end":{"line":59,"column":1}},"line":14}},"branchMap":{"0":{"loc":{"start":{"line":14,"column":30},"end":{"line":14,"column":44}},"type":"default-arg","locations":[{"start":{"line":14,"column":38},"end":{"line":14,"column":44}}],"line":14},"1":{"loc":{"start":{"line":15,"column":4},"end":{"line":58,"column":5}},"type":"switch","locations":[{"start":{"line":17,"column":8},"end":{"line":25,"column":13}},{"start":{"line":27,"column":8},"end":{"line":32,"column":13}},{"start":{"line":34,"column":8},"end":{"line":42,"column":13}},{"start":{"line":44,"column":8},"end":{"line":50,"column":13}},{"start":{"line":52,"column":8},"end":{"line":56,"column":13}},{"start":{"line":57,"column":8},"end":{"line":57,"column":30}}],"line":15}},"s":{"0":3,"1":3,"2":13,"3":1,"4":1,"5":2,"6":1,"7":1,"8":7},"f":{"0":13},"b":{"0":[10],"1":[1,1,2,1,1,7]},"_coverageSchema":"1a1c01bbd47fc00a2c39e90264f33305004495a9","hash":"5f6cb0817bae5c63232a83e9fb7b3a39da0d9e82"}
,"/Users/helmanso/Desktop/New folder/client/src/redux/reducers/socketReducer.js": {"path":"/Users/helmanso/Desktop/New folder/client/src/redux/reducers/socketReducer.js","statementMap":{"0":{"start":{"line":3,"column":21},"end":{"line":5,"column":1}},"1":{"start":{"line":7,"column":29},"end":{"line":7,"column":60}},"2":{"start":{"line":7,"column":55},"end":{"line":7,"column":60}}},"fnMap":{"0":{"name":"(anonymous_0)","decl":{"start":{"line":7,"column":29},"end":{"line":7,"column":30}},"loc":{"start":{"line":7,"column":55},"end":{"line":7,"column":60}},"line":7}},"branchMap":{"0":{"loc":{"start":{"line":7,"column":30},"end":{"line":7,"column":50}},"type":"default-arg","locations":[{"start":{"line":7,"column":38},"end":{"line":7,"column":50}}],"line":7}},"s":{"0":3,"1":3,"2":7},"f":{"0":7},"b":{"0":[6]},"_coverageSchema":"1a1c01bbd47fc00a2c39e90264f33305004495a9","hash":"72a92cf46d615edcb3bde1d36926398f7bf142b9"}
,"/Users/helmanso/Desktop/New folder/client/src/redux/reducers/stageReducer.js": {"path":"/Users/helmanso/Desktop/New folder/client/src/redux/reducers/stageReducer.js","statementMap":{"0":{"start":{"line":4,"column":14},"end":{"line":10,"column":1}},"1":{"start":{"line":7,"column":42},"end":{"line":7,"column":74}},"2":{"start":{"line":12,"column":28},"end":{"line":57,"column":1}},"3":{"start":{"line":13,"column":4},"end":{"line":56,"column":5}},"4":{"start":{"line":17,"column":12},"end":{"line":17,"column":44}},"5":{"start":{"line":18,"column":12},"end":{"line":21,"column":13}},"6":{"start":{"line":24,"column":12},"end":{"line":27,"column":13}},"7":{"start":{"line":30,"column":12},"end":{"line":33,"column":13}},"8":{"start":{"line":36,"column":12},"end":{"line":36,"column":115}},"9":{"start":{"line":36,"column":67},"end":{"line":36,"column":114}},"10":{"start":{"line":36,"column":93},"end":{"line":36,"column":103}},"11":{"start":{"line":37,"column":12},"end":{"line":40,"column":13}},"12":{"start":{"line":43,"column":12},"end":{"line":46,"column":13}},"13":{"start":{"line":49,"column":12},"end":{"line":54,"column":13}},"14":{"start":{"line":53,"column":55},"end":{"line":53,"column":87}},"15":{"start":{"line":55,"column":18},"end":{"line":55,"column":30}}},"fnMap":{"0":{"name":"(anonymous_0)","decl":{"start":{"line":7,"column":36},"end":{"line":7,"column":37}},"loc":{"start":{"line":7,"column":42},"end":{"line":7,"column":74}},"line":7},"1":{"name":"(anonymous_1)","decl":{"start":{"line":12,"column":28},"end":{"line":12,"column":29}},"loc":{"start":{"line":12,"column":55},"end":{"line":57,"column":1}},"line":12},"2":{"name":"(anonymous_2)","decl":{"start":{"line":36,"column":51},"end":{"line":36,"column":52}},"loc":{"start":{"line":36,"column":67},"end":{"line":36,"column":114}},"line":36},"3":{"name":"(anonymous_3)","decl":{"start":{"line":36,"column":86},"end":{"line":36,"column":87}},"loc":{"start":{"line":36,"column":93},"end":{"line":36,"column":103}},"line":36},"4":{"name":"(anonymous_4)","decl":{"start":{"line":53,"column":49},"end":{"line":53,"column":50}},"loc":{"start":{"line":53,"column":55},"end":{"line":53,"column":87}},"line":53}},"branchMap":{"0":{"loc":{"start":{"line":12,"column":29},"end":{"line":12,"column":42}},"type":"default-arg","locations":[{"start":{"line":12,"column":37},"end":{"line":12,"column":42}}],"line":12},"1":{"loc":{"start":{"line":13,"column":4},"end":{"line":56,"column":5}},"type":"switch","locations":[{"start":{"line":16,"column":8},"end":{"line":21,"column":13}},{"start":{"line":23,"column":8},"end":{"line":27,"column":13}},{"start":{"line":29,"column":8},"end":{"line":33,"column":13}},{"start":{"line":35,"column":8},"end":{"line":40,"column":13}},{"start":{"line":42,"column":8},"end":{"line":46,"column":13}},{"start":{"line":48,"column":8},"end":{"line":54,"column":13}},{"start":{"line":55,"column":8},"end":{"line":55,"column":30}}],"line":13}},"s":{"0":3,"1":60,"2":3,"3":13,"4":1,"5":1,"6":1,"7":1,"8":1,"9":3,"10":9,"11":1,"12":1,"13":1,"14":20,"15":7},"f":{"0":60,"1":13,"2":3,"3":9,"4":20},"b":{"0":[12],"1":[1,1,1,1,1,1,7]},"_coverageSchema":"1a1c01bbd47fc00a2c39e90264f33305004495a9","hash":"18fa237491659a1c400af0f7e10dea44eb35d952"}
,"/Users/helmanso/Desktop/New folder/client/src/redux/store/store.js": {"path":"/Users/helmanso/Desktop/New folder/client/src/redux/store/store.js","statementMap":{"0":{"start":{"line":11,"column":26},"end":{"line":39,"column":5}},"1":{"start":{"line":11,"column":32},"end":{"line":39,"column":5}},"2":{"start":{"line":11,"column":40},"end":{"line":39,"column":5}},"3":{"start":{"line":13,"column":15},"end":{"line":13,"column":34}},"4":{"start":{"line":14,"column":4},"end":{"line":38,"column":20}},"5":{"start":{"line":16,"column":8},"end":{"line":35,"column":10}},"6":{"start":{"line":17,"column":12},"end":{"line":33,"column":13}},"7":{"start":{"line":20,"column":20},"end":{"line":20,"column":53}},"8":{"start":{"line":21,"column":20},"end":{"line":21,"column":26}},"9":{"start":{"line":23,"column":20},"end":{"line":23,"column":47}},"10":{"start":{"line":24,"column":20},"end":{"line":24,"column":26}},"11":{"start":{"line":26,"column":20},"end":{"line":26,"column":49}},"12":{"start":{"line":27,"column":20},"end":{"line":27,"column":26}},"13":{"start":{"line":29,"column":20},"end":{"line":29,"column":43}},"14":{"start":{"line":30,"column":20},"end":{"line":30,"column":26}},"15":{"start":{"line":32,"column":20},"end":{"line":32,"column":26}},"16":{"start":{"line":34,"column":12},"end":{"line":34,"column":24}},"17":{"start":{"line":38,"column":8},"end":{"line":38,"column":20}},"18":{"start":{"line":41,"column":17},"end":{"line":46,"column":2}},"19":{"start":{"line":47,"column":14},"end":{"line":47,"column":64}},"20":{"start":{"line":48,"column":14},"end":{"line":48,"column":30}}},"fnMap":{"0":{"name":"(anonymous_0)","decl":{"start":{"line":11,"column":26},"end":{"line":11,"column":27}},"loc":{"start":{"line":11,"column":32},"end":{"line":39,"column":5}},"line":11},"1":{"name":"(anonymous_1)","decl":{"start":{"line":11,"column":32},"end":{"line":11,"column":33}},"loc":{"start":{"line":11,"column":40},"end":{"line":39,"column":5}},"line":11},"2":{"name":"(anonymous_2)","decl":{"start":{"line":11,"column":40},"end":{"line":11,"column":41}},"loc":{"start":{"line":11,"column":50},"end":{"line":39,"column":5}},"line":11},"3":{"name":"(anonymous_3)","decl":{"start":{"line":16,"column":45},"end":{"line":16,"column":46}},"loc":{"start":{"line":16,"column":54},"end":{"line":35,"column":9}},"line":16}},"branchMap":{"0":{"loc":{"start":{"line":14,"column":4},"end":{"line":38,"column":20}},"type":"if","locations":[{"start":{"line":14,"column":4},"end":{"line":38,"column":20}},{"start":{"line":14,"column":4},"end":{"line":38,"column":20}}],"line":14},"1":{"loc":{"start":{"line":17,"column":12},"end":{"line":33,"column":13}},"type":"switch","locations":[{"start":{"line":19,"column":16},"end":{"line":21,"column":26}},{"start":{"line":22,"column":16},"end":{"line":24,"column":26}},{"start":{"line":25,"column":16},"end":{"line":27,"column":26}},{"start":{"line":28,"column":16},"end":{"line":30,"column":26}},{"start":{"line":31,"column":16},"end":{"line":32,"column":26}}],"line":17}},"s":{"0":2,"1":2,"2":2,"3":1,"4":1,"5":1,"6":0,"7":0,"8":0,"9":0,"10":0,"11":0,"12":0,"13":0,"14":0,"15":0,"16":0,"17":0,"18":2,"19":2,"20":2},"f":{"0":2,"1":2,"2":1,"3":0},"b":{"0":[1,0],"1":[0,0,0,0,0]},"_coverageSchema":"1a1c01bbd47fc00a2c39e90264f33305004495a9","hash":"6d95954a639637a3f25f8eed21aaabbc37d1aed5"}
}
