TN:
SF:src/App.js
FN:9,(anonymous_0)
FNF:1
FNH:0
FNDA:0,(anonymous_0)
DA:9,1
DA:11,0
LF:2
LH:1
BRF:0
BRH:0
end_of_record
TN:
SF:src/index.js
FNF:0
FNH:0
DA:6,1
LF:1
LH:1
BRF:0
BRH:0
end_of_record
TN:
SF:src/Components/Cell.js
FN:62,(anonymous_0)
FNF:1
FNH:1
FNDA:480,(anonymous_0)
DA:4,4
DA:62,4
DA:63,480
LF:3
LH:3
BRDA:64,0,0,240
BRDA:64,0,1,240
BRF:2
BRH:2
end_of_record
TN:
SF:src/Components/GameOver.js
FN:5,(anonymous_0)
FN:9,(anonymous_1)
FNF:2
FNH:2
FNDA:2,(anonymous_0)
FNDA:1,(anonymous_1)
DA:5,4
DA:6,2
DA:9,1
LF:3
LH:3
BRDA:8,0,0,1
BRDA:8,0,1,1
BRDA:9,1,0,1
BRDA:9,1,1,1
BRF:4
BRH:4
end_of_record
TN:
SF:src/Components/Home.js
FN:17,(anonymous_0)
FN:19,(anonymous_1)
FN:30,(anonymous_2)
FN:45,(anonymous_3)
FN:54,(anonymous_4)
FN:56,(anonymous_5)
FN:57,(anonymous_6)
FN:58,(anonymous_7)
FN:59,(anonymous_8)
FN:60,(anonymous_9)
FN:61,(anonymous_10)
FN:62,(anonymous_11)
FN:63,(anonymous_12)
FN:64,(anonymous_13)
FN:65,(anonymous_14)
FN:66,(anonymous_15)
FN:67,(anonymous_16)
FNF:17
FNH:15
FNDA:1,(anonymous_0)
FNDA:1,(anonymous_1)
FNDA:0,(anonymous_2)
FNDA:1,(anonymous_3)
FNDA:2,(anonymous_4)
FNDA:2,(anonymous_5)
FNDA:0,(anonymous_6)
FNDA:1,(anonymous_7)
FNDA:1,(anonymous_8)
FNDA:1,(anonymous_9)
FNDA:1,(anonymous_10)
FNDA:1,(anonymous_11)
FNDA:1,(anonymous_12)
FNDA:1,(anonymous_13)
FNDA:1,(anonymous_14)
FNDA:1,(anonymous_15)
FNDA:1,(anonymous_16)
DA:17,2
DA:18,1
DA:19,1
DA:21,1
DA:23,1
DA:24,1
DA:25,1
DA:27,1
DA:28,1
DA:29,1
DA:30,1
DA:31,0
DA:32,0
DA:38,1
DA:45,2
DA:46,1
DA:54,2
DA:55,2
DA:56,2
DA:57,0
DA:58,1
DA:59,1
DA:60,1
DA:61,1
DA:62,1
DA:63,1
DA:64,1
DA:65,1
DA:66,1
DA:67,1
LF:30
LH:27
BRDA:21,0,0,1
BRDA:21,0,1,0
BRDA:21,1,0,1
BRDA:21,1,1,1
BRDA:25,2,0,1
BRDA:25,2,1,0
BRDA:25,3,0,1
BRDA:25,3,1,1
BRDA:31,4,0,0
BRDA:31,4,1,0
BRDA:40,5,0,1
BRDA:40,5,1,0
BRDA:40,6,0,0
BRDA:40,6,1,0
BRDA:40,7,0,0
BRDA:40,7,1,0
BRF:16
BRH:7
end_of_record
TN:
SF:src/Components/Login.js
FN:6,(anonymous_0)
FN:14,(anonymous_1)
FN:15,(anonymous_2)
FNF:3
FNH:3
FNDA:4,(anonymous_0)
FNDA:1,(anonymous_1)
FNDA:1,(anonymous_2)
DA:6,3
DA:8,4
DA:9,4
DA:14,1
DA:15,1
LF:5
LH:5
BRDA:16,0,0,0
BRDA:16,0,1,4
BRF:2
BRH:1
end_of_record
TN:
SF:src/Components/Looby.js
FN:9,(anonymous_0)
FN:11,(anonymous_1)
FN:13,(anonymous_2)
FN:17,(anonymous_3)
FN:21,(anonymous_4)
FN:24,(anonymous_5)
FN:28,(anonymous_6)
FN:37,(anonymous_7)
FN:41,(anonymous_8)
FN:47,(anonymous_9)
FNF:10
FNH:10
FNDA:3,(anonymous_0)
FNDA:3,(anonymous_1)
FNDA:1,(anonymous_2)
FNDA:1,(anonymous_3)
FNDA:1,(anonymous_4)
FNDA:1,(anonymous_5)
FNDA:1,(anonymous_6)
FNDA:7,(anonymous_7)
FNDA:7,(anonymous_8)
FNDA:1,(anonymous_9)
DA:9,3
DA:11,3
DA:13,3
DA:14,1
DA:17,3
DA:18,1
DA:21,3
DA:22,1
DA:24,3
DA:25,1
DA:28,3
DA:29,1
DA:33,3
DA:38,7
DA:41,7
DA:47,1
LF:16
LH:16
BRDA:41,0,0,2
BRDA:41,0,1,5
BRDA:42,1,0,1
BRDA:42,1,1,1
BRDA:46,2,0,3
BRDA:46,2,1,0
BRF:6
BRH:5
end_of_record
TN:
SF:src/Components/Room.js
FN:5,(anonymous_0)
FN:7,(anonymous_1)
FN:8,(anonymous_2)
FN:18,(anonymous_3)
FN:19,(anonymous_4)
FNF:5
FNH:5
FNDA:3,(anonymous_0)
FNDA:3,(anonymous_1)
FNDA:1,(anonymous_2)
FNDA:1,(anonymous_3)
FNDA:1,(anonymous_4)
DA:5,3
DA:7,3
DA:8,3
DA:9,1
DA:14,3
DA:15,3
DA:18,1
DA:19,1
LF:8
LH:8
BRDA:20,0,0,0
BRDA:20,0,1,3
BRF:2
BRH:1
end_of_record
TN:
SF:src/Components/Stage.js
FN:6,(anonymous_0)
FN:9,(anonymous_1)
FN:9,(anonymous_2)
FNF:3
FNH:3
FNDA:1,(anonymous_0)
FNDA:20,(anonymous_1)
FNDA:240,(anonymous_2)
DA:6,4
DA:7,1
DA:9,240
LF:3
LH:3
BRF:0
BRH:0
end_of_record
TN:
SF:src/Components/Tetris.js
FN:14,(anonymous_0)
FN:16,(anonymous_1)
FN:19,(anonymous_2)
FN:19,(anonymous_3)
FN:20,(anonymous_4)
FN:21,(anonymous_5)
FN:27,(anonymous_6)
FN:28,(anonymous_7)
FN:42,(anonymous_8)
FN:44,(anonymous_9)
FN:48,(anonymous_10)
FN:52,(anonymous_11)
FN:59,(anonymous_12)
FN:63,(anonymous_13)
FN:71,(anonymous_14)
FN:82,(anonymous_15)
FN:87,(anonymous_16)
FN:96,(anonymous_17)
FN:96,(anonymous_18)
FN:105,(anonymous_19)
FN:111,(anonymous_20)
FNF:21
FNH:17
FNDA:1,(anonymous_0)
FNDA:1,(anonymous_1)
FNDA:20,(anonymous_2)
FNDA:240,(anonymous_3)
FNDA:3,(anonymous_4)
FNDA:9,(anonymous_5)
FNDA:20,(anonymous_6)
FNDA:229,(anonymous_7)
FNDA:1,(anonymous_8)
FNDA:1,(anonymous_9)
FNDA:1,(anonymous_10)
FNDA:1,(anonymous_11)
FNDA:1,(anonymous_12)
FNDA:1,(anonymous_13)
FNDA:0,(anonymous_14)
FNDA:0,(anonymous_15)
FNDA:1,(anonymous_16)
FNDA:0,(anonymous_17)
FNDA:0,(anonymous_18)
FNDA:1,(anonymous_19)
FNDA:2,(anonymous_20)
DA:14,4
DA:16,1
DA:17,1
DA:18,0
DA:19,240
DA:20,1
DA:21,3
DA:22,9
DA:23,3
DA:27,1
DA:28,229
DA:30,19
DA:31,19
DA:32,19
DA:33,19
DA:35,20
DA:38,1
DA:42,1
DA:44,1
DA:45,1
DA:48,1
DA:49,1
DA:52,1
DA:53,1
DA:54,1
DA:55,1
DA:56,1
DA:59,1
DA:60,1
DA:63,1
DA:64,1
DA:65,1
DA:71,1
DA:74,0
DA:75,0
DA:77,0
DA:78,0
DA:82,1
DA:83,0
DA:84,0
DA:87,1
DA:88,1
DA:89,0
DA:90,1
DA:91,0
DA:92,1
DA:93,0
DA:94,1
DA:96,0
DA:97,0
DA:98,0
DA:99,0
DA:104,1
DA:105,1
DA:112,2
DA:113,2
LF:56
LH:42
BRDA:17,0,0,0
BRDA:17,0,1,1
BRDA:19,1,0,240
BRDA:19,1,1,0
BRDA:22,2,0,3
BRDA:22,2,1,6
BRDA:28,3,0,19
BRDA:28,3,1,1
BRDA:74,4,0,0
BRDA:74,4,1,0
BRDA:83,5,0,0
BRDA:83,5,1,0
BRDA:88,6,0,0
BRDA:88,6,1,1
BRDA:90,7,0,0
BRDA:90,7,1,1
BRDA:92,8,0,0
BRDA:92,8,1,1
BRDA:94,9,0,0
BRDA:94,9,1,1
BRDA:97,10,0,0
BRDA:97,10,1,0
BRDA:112,11,0,2
BRDA:112,11,1,0
BRDA:116,12,0,1
BRDA:116,12,1,0
BRDA:120,13,0,0
BRDA:120,13,1,1
BRF:28
BRH:13
end_of_record
TN:
SF:src/Components/checkMove.js
FN:6,(anonymous_0)
FN:10,(anonymous_1)
FN:11,(anonymous_2)
FN:25,(anonymous_3)
FN:66,(anonymous_4)
FNF:5
FNH:1
FNDA:0,(anonymous_0)
FNDA:0,(anonymous_1)
FNDA:0,(anonymous_2)
FNDA:1,(anonymous_3)
FNDA:0,(anonymous_4)
DA:2,5
DA:3,5
DA:4,5
DA:6,5
DA:8,0
DA:9,0
DA:10,0
DA:11,0
DA:12,0
DA:13,0
DA:17,0
DA:18,0
DA:20,0
DA:21,0
DA:22,0
DA:25,5
DA:26,1
DA:27,1
DA:29,1
DA:30,0
DA:31,1
DA:33,2
DA:34,2
DA:36,4
DA:38,1
DA:39,0
DA:40,1
DA:42,0
DA:43,0
DA:45,1
DA:46,1
DA:47,0
DA:49,0
DA:51,0
DA:52,0
DA:54,0
DA:55,0
DA:58,3
DA:60,1
DA:66,5
DA:67,0
DA:68,0
DA:70,0
DA:72,0
DA:73,0
DA:75,0
DA:77,0
DA:79,0
DA:80,0
DA:81,0
DA:82,0
DA:83,0
DA:85,0
DA:87,0
DA:88,0
DA:90,0
DA:92,0
DA:93,0
DA:94,0
DA:95,0
DA:96,0
DA:97,0
DA:99,0
DA:101,0
LF:64
LH:19
BRDA:8,0,0,0
BRDA:8,0,1,0
BRDA:12,1,0,0
BRDA:12,1,1,0
BRDA:20,2,0,0
BRDA:20,2,1,0
BRDA:29,3,0,0
BRDA:29,3,1,1
BRDA:36,4,0,1
BRDA:36,4,1,3
BRDA:38,5,0,0
BRDA:38,5,1,1
BRDA:38,6,0,1
BRDA:38,6,1,1
BRDA:40,7,0,0
BRDA:40,7,1,1
BRDA:45,8,0,1
BRDA:45,8,1,0
BRDA:47,9,0,0
BRDA:47,9,1,0
BRDA:49,10,0,0
BRDA:49,10,1,0
BRDA:75,11,0,0
BRDA:75,11,1,0
BRDA:77,12,0,0
BRDA:77,12,1,0
BRDA:79,13,0,0
BRDA:79,13,1,0
BRDA:85,14,0,0
BRDA:85,14,1,0
BRDA:92,15,0,0
BRDA:92,15,1,0
BRDA:94,16,0,0
BRDA:94,16,1,0
BRDA:96,17,0,0
BRDA:96,17,1,0
BRF:36
BRH:8
end_of_record
TN:
SF:src/Components/Styled/StyledBackground.js
FNF:0
FNH:0
DA:5,4
LF:1
LH:1
BRF:0
BRH:0
end_of_record
TN:
SF:src/Components/Styled/StyledCell.js
FN:6,(anonymous_0)
FN:7,(anonymous_1)
FNF:2
FNH:2
FNDA:480,(anonymous_0)
FNDA:480,(anonymous_1)
DA:4,4
DA:6,480
DA:7,480
LF:3
LH:3
BRDA:6,0,0,240
BRDA:6,0,1,240
BRDA:7,1,0,240
BRDA:7,1,1,240
BRF:4
BRH:4
end_of_record
TN:
SF:src/Components/Styled/StyledGameOver.js
FNF:0
FNH:0
DA:5,4
DA:17,4
DA:38,4
LF:3
LH:3
BRF:0
BRH:0
end_of_record
TN:
SF:src/Components/Styled/StyledHolders.js
FNF:0
FNH:0
DA:5,7
DA:17,7
DA:31,7
DA:51,7
DA:73,7
DA:93,7
DA:99,7
LF:7
LH:7
BRF:0
BRH:0
end_of_record
TN:
SF:src/Components/Styled/StyledSpecter.js
FN:11,(anonymous_0)
FN:12,(anonymous_1)
FN:15,(anonymous_2)
FN:28,(anonymous_3)
FN:31,(anonymous_4)
FN:31,(anonymous_5)
FNF:6
FNH:6
FNDA:1,(anonymous_0)
FNDA:1,(anonymous_1)
FNDA:1,(anonymous_2)
FNDA:1,(anonymous_3)
FNDA:20,(anonymous_4)
FNDA:240,(anonymous_5)
DA:8,4
DA:11,1
DA:12,1
DA:15,1
DA:28,4
DA:29,1
DA:31,240
LF:7
LH:7
BRF:0
BRH:0
end_of_record
TN:
SF:src/Components/Styled/StyledStage.js
FN:7,(anonymous_0)
FN:8,(anonymous_1)
FN:11,(anonymous_2)
FNF:3
FNH:3
FNDA:1,(anonymous_0)
FNDA:1,(anonymous_1)
FNDA:1,(anonymous_2)
DA:4,4
DA:7,1
DA:8,1
DA:11,1
LF:4
LH:4
BRF:0
BRH:0
end_of_record
TN:
SF:src/Components/Styled/StyledTetris.js
FNF:0
FNH:0
DA:4,4
LF:1
LH:1
BRF:0
BRH:0
end_of_record
TN:
SF:src/Components/hooks/useInterval.js
FN:3,useInterval
FN:6,(anonymous_1)
FN:11,(anonymous_2)
FN:12,tick
FN:17,(anonymous_4)
FNF:5
FNH:5
FNDA:4,useInterval
FNDA:4,(anonymous_1)
FNDA:4,(anonymous_2)
FNDA:5,tick
FNDA:3,(anonymous_4)
DA:4,4
DA:6,4
DA:7,4
DA:11,4
DA:13,5
DA:15,4
DA:16,3
DA:17,3
DA:18,3
LF:9
LH:9
BRDA:15,0,0,3
BRDA:15,0,1,1
BRF:2
BRH:2
end_of_record
TN:
SF:src/redux/actions/actionTypes.js
FNF:0
FNH:0
DA:1,11
DA:2,11
DA:3,11
DA:4,11
DA:5,11
DA:6,11
DA:7,11
DA:8,11
DA:9,11
DA:10,11
DA:11,11
DA:12,11
DA:13,11
DA:14,11
DA:15,11
DA:16,11
DA:17,11
DA:18,11
DA:19,11
DA:20,11
DA:21,11
DA:22,11
DA:23,11
DA:24,11
DA:25,11
DA:26,11
DA:27,11
DA:28,11
DA:29,11
LF:29
LH:29
BRF:0
BRH:0
end_of_record
TN:
SF:src/redux/actions/newPlayer.js
FN:4,(anonymous_0)
FN:12,(anonymous_1)
FN:20,(anonymous_2)
FN:28,(anonymous_3)
FN:36,(anonymous_4)
FN:43,(anonymous_5)
FNF:6
FNH:6
FNDA:5,(anonymous_0)
FNDA:3,(anonymous_1)
FNDA:2,(anonymous_2)
FNDA:2,(anonymous_3)
FNDA:2,(anonymous_4)
FNDA:2,(anonymous_5)
DA:4,6
DA:5,5
DA:12,6
DA:13,3
DA:20,6
DA:21,2
DA:28,6
DA:29,2
DA:36,6
DA:37,2
DA:43,6
DA:44,2
LF:12
LH:12
BRF:0
BRH:0
end_of_record
TN:
SF:src/redux/actions/tetrisActions.js
FN:4,(anonymous_0)
FN:11,(anonymous_1)
FN:19,(anonymous_2)
FN:26,(anonymous_3)
FN:34,(anonymous_4)
FN:41,(anonymous_5)
FNF:6
FNH:6
FNDA:2,(anonymous_0)
FNDA:2,(anonymous_1)
FNDA:2,(anonymous_2)
FNDA:2,(anonymous_3)
FNDA:2,(anonymous_4)
FNDA:2,(anonymous_5)
DA:4,3
DA:5,2
DA:11,3
DA:12,2
DA:19,3
DA:20,2
DA:26,3
DA:27,2
DA:34,3
DA:35,2
DA:41,3
DA:42,2
LF:12
LH:12
BRF:0
BRH:0
end_of_record
TN:
SF:src/redux/reducers/LoobyReducer.js
FN:9,(anonymous_0)
FNF:1
FNH:1
FNDA:10,(anonymous_0)
DA:3,3
DA:9,3
DA:10,10
DA:13,1
DA:19,1
DA:26,1
DA:30,7
LF:7
LH:7
BRDA:9,0,0,10
BRDA:10,1,0,1
BRDA:10,1,1,1
BRDA:10,1,2,1
BRDA:10,1,3,7
BRF:5
BRH:5
end_of_record
TN:
SF:src/redux/reducers/playerReducer.js
FN:14,(anonymous_0)
FNF:1
FNH:1
FNDA:13,(anonymous_0)
DA:3,3
DA:14,3
DA:15,13
DA:18,1
DA:28,1
DA:35,2
DA:45,1
DA:53,1
DA:57,7
LF:9
LH:9
BRDA:14,0,0,10
BRDA:15,1,0,1
BRDA:15,1,1,1
BRDA:15,1,2,2
BRDA:15,1,3,1
BRDA:15,1,4,1
BRDA:15,1,5,7
BRF:7
BRH:7
end_of_record
TN:
SF:src/redux/reducers/socketReducer.js
FN:7,(anonymous_0)
FNF:1
FNH:1
FNDA:7,(anonymous_0)
DA:3,3
DA:7,7
LF:2
LH:2
BRDA:7,0,0,6
BRF:1
BRH:1
end_of_record
TN:
SF:src/redux/reducers/stageReducer.js
FN:7,(anonymous_0)
FN:12,(anonymous_1)
FN:36,(anonymous_2)
FN:36,(anonymous_3)
FN:53,(anonymous_4)
FNF:5
FNH:5
FNDA:60,(anonymous_0)
FNDA:13,(anonymous_1)
FNDA:3,(anonymous_2)
FNDA:9,(anonymous_3)
FNDA:20,(anonymous_4)
DA:4,3
DA:7,60
DA:12,3
DA:13,13
DA:17,1
DA:18,1
DA:24,1
DA:30,1
DA:36,9
DA:37,1
DA:43,1
DA:49,1
DA:53,20
DA:55,7
LF:14
LH:14
BRDA:12,0,0,12
BRDA:13,1,0,1
BRDA:13,1,1,1
BRDA:13,1,2,1
BRDA:13,1,3,1
BRDA:13,1,4,1
BRDA:13,1,5,1
BRDA:13,1,6,7
BRF:8
BRH:8
end_of_record
TN:
SF:src/redux/store/store.js
FN:11,(anonymous_0)
FN:11,(anonymous_1)
FN:11,(anonymous_2)
FN:16,(anonymous_3)
FNF:4
FNH:3
FNDA:2,(anonymous_0)
FNDA:2,(anonymous_1)
FNDA:1,(anonymous_2)
FNDA:0,(anonymous_3)
DA:11,2
DA:13,1
DA:14,1
DA:16,1
DA:17,0
DA:20,0
DA:21,0
DA:23,0
DA:24,0
DA:26,0
DA:27,0
DA:29,0
DA:30,0
DA:32,0
DA:34,0
DA:38,0
DA:41,2
DA:47,2
DA:48,2
LF:19
LH:7
BRDA:14,0,0,1
BRDA:14,0,1,0
BRDA:17,1,0,0
BRDA:17,1,1,0
BRDA:17,1,2,0
BRDA:17,1,3,0
BRDA:17,1,4,0
BRF:7
BRH:1
end_of_record
